17:54:37.382 [main                     ] DEBUG Logger               - Configured Logger
17:54:37.411 [main                     ] DEBUG GameApplication      - Logging settings
Title: Brave Steve
Version: 1.0
Width: 816
Height: 672
Fullscreen: false
Intro: false
Profiling: false
Single step:false
App Mode: DEVELOPER
Menu Key: ESCAPE
Stage Style: DECORATED
Scene Factory: class org.haok.BraveSteveApp$1

17:54:37.873 [JavaFX Application Thread] DEBUG FXGLApplication      - Initializing FXGL
17:54:37.885 [JavaFX Application Thread] INFO  Engine               - FXGL-17.1 (24.03.2022 17.34) on WINDOWS (J:17.0.5 FX:18)
17:54:37.885 [JavaFX Application Thread] DEBUG Engine               - JRE Vendor Name: Oracle Corporation
17:54:37.885 [JavaFX Application Thread] DEBUG Engine               - Running on OS: Windows 10 version 10.0
17:54:37.885 [JavaFX Application Thread] DEBUG Engine               - Architecture: amd64
17:54:37.885 [JavaFX Application Thread] INFO  Engine               - Source code and latest versions at: https://github.com/AlmasB/FXGL
17:54:37.886 [JavaFX Application Thread] INFO  Engine               -       Ask questions and discuss at: https://github.com/AlmasB/FXGL/discussions
17:54:37.886 [JavaFX Application Thread] INFO  Engine               -              Join the FXGL chat at: https://gitter.im/AlmasB/FXGL
17:54:38.066 [JavaFX Application Thread] DEBUG PrimaryStageWindow   - Creating a JavaFX scene
17:54:38.112 [JavaFX Application Thread] DEBUG PrimaryStageWindow   - Target settings size: 816.0 x 672.0
17:54:38.112 [JavaFX Application Thread] DEBUG PrimaryStageWindow   - Scaled scene size:    816.0 x 672.0
17:54:38.113 [JavaFX Application Thread] DEBUG PrimaryStageWindow   - Scaled ratio: (1.0, 1.0)
17:54:38.114 [JavaFX Application Thread] DEBUG PrimaryStageWindow   - Set initial scene to StartScene
17:54:38.124 [JavaFX Application Thread] DEBUG PrimaryStageWindow   - Opening main window
17:54:38.309 [JavaFX Application Thread] DEBUG PrimaryStageWindow   - Window border size: (14.4000244140625, 37.5999755859375)
17:54:38.309 [JavaFX Application Thread] DEBUG PrimaryStageWindow   - Scaled size: 816.0 x 672.0
17:54:38.309 [JavaFX Application Thread] DEBUG PrimaryStageWindow   - Scaled ratio: (1.0, 1.0)
17:54:38.310 [JavaFX Application Thread] DEBUG PrimaryStageWindow   - Scene size: 816.0 x 672.0
17:54:38.310 [JavaFX Application Thread] DEBUG PrimaryStageWindow   - Stage size: 830.4000244140625 x 709.5999755859375
17:54:38.317 [FXGL Background Thread 1 ] DEBUG Engine               - Initializing environment variables
17:54:38.364 [FXGL Background Thread 1 ] DEBUG FXGLAssetLoaderServi - User app class for loading assets: class org.haok.BraveSteveApp
17:54:38.364 [FXGL Background Thread 1 ] DEBUG GameApplicationServi - Applying CSS: fxgl_dark.css
17:54:38.365 [FXGL Background Thread 1 ] DEBUG FXGLAssetLoaderServi - Loading from file system: jar:file:/C:/Users/zhangaihua/IdeaProjects/bravehaok/out/artifacts/bravehaok_jar/bravehaok.jar!/fxglassets/ui/css/fxgl_dark.css
17:54:38.416 [FXGL Background Thread 1 ] DEBUG GameApplicationServi - Applying CSS: app.css
17:54:38.416 [FXGL Background Thread 1 ] DEBUG FXGLAssetLoaderServi - Loading from file system: jar:file:/C:/Users/zhangaihua/IdeaProjects/bravehaok/out/artifacts/bravehaok_jar/bravehaok.jar!/assets/ui/css/app.css
17:54:38.417 [FXGL Background Thread 1 ] DEBUG GameApplicationServi - Initializing application scenes
17:54:38.434 [FXGL Background Thread 1 ] DEBUG GameWorld            - Game world initialized
17:54:38.498 [FXGL Background Thread 1 ] DEBUG PhysicsWorld         - Physics world initialized: appHeight=672, physics.ppm=50.0
17:54:38.499 [FXGL Background Thread 1 ] DEBUG PhysicsWorld         - Using strategy: BRUTE_FORCE
17:54:38.505 [FXGL Background Thread 1 ] DEBUG GameScene            - Game scene initialized: 816x672
17:54:38.508 [FXGL Background Thread 1 ] DEBUG FXGLAssetLoaderServi - Loading from file system: jar:file:/C:/Users/zhangaihua/IdeaProjects/bravehaok/out/artifacts/bravehaok_jar/bravehaok.jar!/assets/textures/ui/mainmenu.png
17:54:38.522 [FXGL Background Thread 1 ] DEBUG FXGLAssetLoaderServi - Loading from file system: jar:file:/C:/Users/zhangaihua/IdeaProjects/bravehaok/out/artifacts/bravehaok_jar/bravehaok.jar!/assets/textures/ui/pause.png
17:54:38.536 [FXGL Background Thread 1 ] DEBUG GameApplicationServi - Application scenes initialized
17:54:38.625 [FXGL Background Thread 1 ] DEBUG SystemBundleService  - Loading FXGL system data
17:54:38.632 [FXGL Background Thread 1 ] DEBUG FileSystemAccess     - Reading from: C:\Users\zhangaihua\IdeaProjects\bravehaok\out\artifacts\bravehaok_jar\system\fxgl.bundle
17:54:38.640 [FXGL Background Thread 1 ] DEBUG SystemBundleService  - Bundle FXGL: {}
17:54:38.640 [FXGL Background Thread 1 ] DEBUG UpdaterService       - Checking for updates
17:54:38.649 [FXGL Background Thread 4 ] DEBUG FXGLApplication      - Loading fonts
17:54:38.649 [FXGL Background Thread 4 ] DEBUG FXGLAssetLoaderServi - Loading from file system: jar:file:/C:/Users/zhangaihua/IdeaProjects/bravehaok/out/artifacts/bravehaok_jar/bravehaok.jar!/fxglassets/ui/fonts/VarelaRound-Regular.ttf
17:54:38.649 [FXGL Background Thread 1 ] DEBUG FXGLApplication      - Loading default localization
17:54:38.650 [FXGL Background Thread 1 ] DEBUG FXGLAssetLoaderServi - Loading from file system: jar:file:/C:/Users/zhangaihua/IdeaProjects/bravehaok/out/artifacts/bravehaok_jar/bravehaok.jar!/fxglassets/languages/english.lang
17:54:38.685 [FXGL Background Thread 1 ] INFO  FXGLApplication      - FXGL initialization took: 0.367 sec
17:54:38.699 [JavaFX Application Thread] DEBUG Input                - Registered new binding: action0 - W
17:54:38.700 [JavaFX Application Thread] DEBUG Input                - Registered new binding: action1 - S
17:54:38.701 [JavaFX Application Thread] DEBUG Input                - Registered new binding: action2 - A
17:54:38.701 [JavaFX Application Thread] DEBUG Input                - Registered new binding: action3 - D
17:54:38.702 [JavaFX Application Thread] DEBUG Input                - Registered new binding: action4 - Space
17:54:38.702 [JavaFX Application Thread] DEBUG Input                - Registered new binding: action5 - F
17:54:38.703 [JavaFX Application Thread] DEBUG FXGLAssetLoaderServi - Loading from file system: jar:file:/C:/Users/zhangaihua/IdeaProjects/bravehaok/out/artifacts/bravehaok_jar/bravehaok.jar!/assets/textures/icon.png
17:54:38.712 [JavaFX Application Thread] DEBUG FXGLAssetLoaderServi - Loading from file system: jar:file:/C:/Users/zhangaihua/IdeaProjects/bravehaok/out/artifacts/bravehaok_jar/bravehaok.jar!/assets/textures/ui/cursor.png
17:54:38.716 [JavaFX Application Thread] DEBUG Input                - Registered new binding: Screenshot - CTRL+8
17:54:38.717 [JavaFX Application Thread] DEBUG Input                - Registered new binding: System info dump - CTRL+9
17:54:38.717 [JavaFX Application Thread] DEBUG Input                - Registered new binding: Restart - CTRL+R
17:54:38.718 [JavaFX Application Thread] DEBUG Input                - Registered new binding: Toggle Debug Camera - CTRL+7
17:54:38.722 [JavaFX Application Thread] DEBUG LoopRunner           - Starting loop
17:54:38.722 [JavaFX Application Thread] DEBUG LoopRunner           - Initializing JavaFX AnimationTimerLoop
17:54:38.727 [JavaFX Application Thread] DEBUG Input                - Clearing active input actions
17:54:38.738 [JavaFX Application Thread] DEBUG GameApplicationServi - Removing overlay from StartScene and adding to FXGLMainMenuDummyScene
17:54:38.738 [JavaFX Application Thread] DEBUG PrimaryStageWindow   - StartScene -> FXGLMainMenuDummyScene
17:54:38.738 [JavaFX Application Thread] DEBUG PrimaryStageWindow   - Push state: AppMainMenu
17:54:38.739 [JavaFX Application Thread] DEBUG Input                - Clearing active input actions
17:54:38.746 [JavaFX Application Thread] DEBUG GameApplicationServi - Removing overlay from FXGLMainMenuDummyScene and adding to AppMainMenu
17:54:38.747 [JavaFX Application Thread] DEBUG PrimaryStageWindow   - FXGLMainMenuDummyScene -> AppMainMenu
17:54:38.759 [FXGL Background Thread 4 ] DEBUG FXGLAssetLoaderServi - Loading from file system: jar:file:/C:/Users/zhangaihua/IdeaProjects/bravehaok/out/artifacts/bravehaok_jar/bravehaok.jar!/fxglassets/ui/fonts/Abel-Regular.ttf
17:54:38.764 [FXGL Background Thread 4 ] DEBUG FXGLAssetLoaderServi - Loading from file system: jar:file:/C:/Users/zhangaihua/IdeaProjects/bravehaok/out/artifacts/bravehaok_jar/bravehaok.jar!/fxglassets/ui/fonts/TerminalLandMono-Regular.otf
17:54:38.769 [FXGL Background Thread 4 ] DEBUG FXGLAssetLoaderServi - Loading from file system: jar:file:/C:/Users/zhangaihua/IdeaProjects/bravehaok/out/artifacts/bravehaok_jar/bravehaok.jar!/fxglassets/ui/fonts/Courier-Prime.ttf
17:54:38.847 [JavaFX Application Thread] DEBUG FXGLApplication      - Registering font factories with UI factory
17:54:39.400 [FXGL Background Thread 2 ] WARN  UpdaterService       - Failed to find updates: javax.net.ssl.SSLHandshakeException: PKIX path building failed: sun.security.provider.certpath.SunCertPathBuilderException: unable to find valid certification path to requested target
17:54:39.797 [JavaFX Application Thread] DEBUG GameApplicationServi - Starting new game
17:54:39.797 [JavaFX Application Thread] DEBUG PrimaryStageWindow   - Pop state: AppMainMenu
17:54:39.797 [JavaFX Application Thread] DEBUG Input                - Clearing active input actions
17:54:39.798 [JavaFX Application Thread] DEBUG GameApplicationServi - Removing overlay from AppMainMenu and adding to FXGLMainMenuDummyScene
17:54:39.798 [JavaFX Application Thread] DEBUG PrimaryStageWindow   - FXGLMainMenuDummyScene <- AppMainMenu
17:54:39.798 [JavaFX Application Thread] DEBUG Input                - Clearing active input actions
17:54:39.805 [JavaFX Application Thread] DEBUG GameApplicationServi - Removing overlay from FXGLMainMenuDummyScene and adding to AppLoadingScean
17:54:39.806 [JavaFX Application Thread] DEBUG PrimaryStageWindow   - FXGLMainMenuDummyScene -> AppLoadingScean
17:54:39.806 [JavaFX Application Thread] DEBUG GameApplicationServi - Clearing previous game
17:54:39.806 [JavaFX Application Thread] DEBUG GameScene            - Clearing game scene
17:54:39.806 [JavaFX Application Thread] DEBUG GameWorld            - Clearing game world
17:54:39.806 [JavaFX Application Thread] DEBUG PhysicsWorld         - Clearing physics world
17:54:39.810 [FXGL Background Thread 2 ] DEBUG FXGLApplication      - Initializing game
17:54:39.865 [FXGL Background Thread 2 ] WARN  TMXLevelLoader       - TiledMap generated from 1.9.2. Supported version: 1.4.2. Some features may not be parsed fully.
17:54:39.887 [FXGL Background Thread 2 ] DEBUG TMXLevelLoader       - Parsed TiledMap: jar:file:/C:/Users/zhangaihua/IdeaProjects/bravehaok/out/artifacts/bravehaok_jar/bravehaok.jar!/assets/levels/level2.tmx
17:54:39.891 [FXGL Background Thread 2 ] DEBUG TMXLevelLoader       - Creating tile layer entities
17:54:39.894 [FXGL Background Thread 2 ] DEBUG TilesetLoader        - Loading view for layer 图块层 1
17:54:39.896 [FXGL Background Thread 2 ] DEBUG TilesetLoader        - Created buffer with size 672.0x672.0
17:54:39.897 [FXGL Background Thread 2 ] DEBUG TMXLevelLoader       - Creating object layer entities
17:54:39.921 [FXGL Background Thread 2 ] DEBUG FXGLAssetLoaderServi - Loading from file system: jar:file:/C:/Users/zhangaihua/IdeaProjects/bravehaok/out/artifacts/bravehaok_jar/bravehaok.jar!/assets/textures/map/glass.png
17:54:39.952 [FXGL Background Thread 2 ] DEBUG FXGLAssetLoaderServi - Loading from file system: jar:file:/C:/Users/zhangaihua/IdeaProjects/bravehaok/out/artifacts/bravehaok_jar/bravehaok.jar!/assets/textures/map/bed.png
17:54:39.955 [FXGL Background Thread 2 ] DEBUG FXGLAssetLoaderServi - Loading from file system: jar:file:/C:/Users/zhangaihua/IdeaProjects/bravehaok/out/artifacts/bravehaok_jar/bravehaok.jar!/assets/textures/map/brick.png
17:54:39.975 [FXGL Background Thread 2 ] DEBUG FXGLAssetLoaderServi - Loading from file system: jar:file:/C:/Users/zhangaihua/IdeaProjects/bravehaok/out/artifacts/bravehaok_jar/bravehaok.jar!/assets/textures/map/stone.png
17:54:39.980 [FXGL Background Thread 2 ] DEBUG FXGLAssetLoaderServi - Loading from file system: jar:file:/C:/Users/zhangaihua/IdeaProjects/bravehaok/out/artifacts/bravehaok_jar/bravehaok.jar!/assets/textures/map/grass.png
17:54:39.983 [FXGL Background Thread 2 ] DEBUG FXGLAssetLoaderServi - Loading from file system: jar:file:/C:/Users/zhangaihua/IdeaProjects/bravehaok/out/artifacts/bravehaok_jar/bravehaok.jar!/assets/textures/map/water.png
17:54:39.997 [FXGL Background Thread 2 ] DEBUG GameWorld            - Clearing removable entities
17:54:39.998 [FXGL Background Thread 2 ] DEBUG GameWorld            - Setting level: com.almasb.fxgl.entity.level.Level@640835cd
17:54:40.007 [FXGL Background Thread 2 ] DEBUG FXGLAssetLoaderServi - Loading from file system: jar:file:/C:/Users/zhangaihua/IdeaProjects/bravehaok/out/artifacts/bravehaok_jar/bravehaok.jar!/assets/textures/steve.png
17:54:40.013 [FXGL Background Thread 2 ] WARN  Entity               - Entity already has component: org.haok.component.PlayerLevelComponent
17:54:40.017 [FXGL Background Thread 2 ] DEBUG FXGLAssetLoaderServi - Loading from file system: jar:file:/C:/Users/zhangaihua/IdeaProjects/bravehaok/out/artifacts/bravehaok_jar/bravehaok.jar!/assets/textures/level.png
17:54:40.019 [FXGL Background Thread 2 ] DEBUG FXGLAssetLoaderServi - Loading from file system: jar:file:/C:/Users/zhangaihua/IdeaProjects/bravehaok/out/artifacts/bravehaok_jar/bravehaok.jar!/assets/textures/ui/arrow.png
17:54:40.021 [FXGL Background Thread 2 ] DEBUG FXGLAssetLoaderServi - Loading from file system: jar:file:/C:/Users/zhangaihua/IdeaProjects/bravehaok/out/artifacts/bravehaok_jar/bravehaok.jar!/assets/textures/zombie.png
17:54:40.029 [FXGL Background Thread 2 ] INFO  FXGLApplication      - Game initialization took: 0.219 sec
17:54:40.030 [JavaFX Application Thread] DEBUG Input                - Clearing active input actions
17:54:40.045 [JavaFX Application Thread] DEBUG GameApplicationServi - Removing overlay from AppLoadingScean and adding to GameScene
17:54:40.045 [JavaFX Application Thread] DEBUG PrimaryStageWindow   - AppLoadingScean -> GameScene
17:54:40.925 [JavaFX Application Thread] DEBUG FXGLAssetLoaderServi - Loading from file system: jar:file:/C:/Users/zhangaihua/IdeaProjects/bravehaok/out/artifacts/bravehaok_jar/bravehaok.jar!/assets/textures/arrow.png
17:54:40.928 [JavaFX Application Thread] WARN  Entity               - Entity already has component: com.almasb.fxgl.entity.components.CollidableComponent
17:54:40.928 [JavaFX Application Thread] DEBUG FXGLAssetLoaderServi - Loading from file system: jar:file:/C:/Users/zhangaihua/IdeaProjects/bravehaok/out/artifacts/bravehaok_jar/bravehaok.jar!/assets/textures/betterArrow.png
17:54:40.929 [JavaFX Application Thread] WARN  Entity               - Entity already has component: com.almasb.fxgl.entity.components.CollidableComponent
17:54:40.929 [JavaFX Application Thread] DEBUG FXGLAssetLoaderServi - Loading from file system: jar:file:/C:/Users/zhangaihua/IdeaProjects/bravehaok/out/artifacts/bravehaok_jar/bravehaok.jar!/assets/textures/bestArrow.png
17:54:40.930 [JavaFX Application Thread] WARN  Entity               - Entity already has component: com.almasb.fxgl.entity.components.CollidableComponent
17:54:40.930 [JavaFX Application Thread] DEBUG FXGLAssetLoaderServi - Loading from file system: jar:file:/C:/Users/zhangaihua/IdeaProjects/bravehaok/out/artifacts/bravehaok_jar/bravehaok.jar!/assets/sounds/biu.wav
17:54:41.646 [FXGL Background Thread 3 ] DEBUG Engine               - Logging environment variables
17:54:41.647 [FXGL Background Thread 3 ] DEBUG Engine               - achievements: []
17:54:41.648 [FXGL Background Thread 3 ] DEBUG Engine               - actualHeight: 672.0
17:54:41.648 [FXGL Background Thread 3 ] DEBUG Engine               - actualHeightProperty: ReadOnlyDoubleProperty [value: 672.0]
17:54:41.649 [FXGL Background Thread 3 ] DEBUG Engine               - actualWidth: 816.0
17:54:41.649 [FXGL Background Thread 3 ] DEBUG Engine               - actualWidthProperty: ReadOnlyDoubleProperty [value: 816.0]
17:54:41.649 [FXGL Background Thread 3 ] DEBUG Engine               - appIcon: icon.png
17:54:41.649 [FXGL Background Thread 3 ] DEBUG Engine               - applicationMode: DEVELOPER
17:54:41.649 [FXGL Background Thread 3 ] DEBUG Engine               - cSSList: [fxgl_dark.css, app.css]
17:54:41.649 [FXGL Background Thread 3 ] DEBUG Engine               - collisionDetectionStrategy: BRUTE_FORCE
17:54:41.649 [FXGL Background Thread 3 ] DEBUG Engine               - configClass: Optional.empty
17:54:41.649 [FXGL Background Thread 3 ] DEBUG Engine               - credits: []
17:54:41.653 [FXGL Background Thread 3 ] DEBUG Engine               - defaultCursor: CursorInfo(imageName=ui/cursor.png, hotspotX=0.0, hotspotY=0.0)
17:54:41.654 [FXGL Background Thread 3 ] DEBUG Engine               - devBBoxColorProperty: ObjectProperty [value: 0xff0000ff]
17:54:41.654 [FXGL Background Thread 3 ] DEBUG Engine               - devEnableDebugCameraProperty: BooleanProperty [value: false]
17:54:41.654 [FXGL Background Thread 3 ] DEBUG Engine               - devSensorColorProperty: ObjectProperty [value: 0xffff00ff]
17:54:41.655 [FXGL Background Thread 3 ] DEBUG Engine               - devShowBBoxProperty: BooleanProperty [value: false]
17:54:41.655 [FXGL Background Thread 3 ] DEBUG Engine               - devShowPositionProperty: BooleanProperty [value: false]
17:54:41.655 [FXGL Background Thread 3 ] DEBUG Engine               - enabledMenuItems: []
17:54:41.655 [FXGL Background Thread 3 ] DEBUG Engine               - engineServices: [class com.almasb.fxgl.app.services.FXGLAssetLoaderService, class com.almasb.fxgl.app.FXGLApplication$GameApplicationService, class com.almasb.fxgl.app.services.FXGLDialogService, class com.almasb.fxgl.app.services.IOTaskExecutorService, class com.almasb.fxgl.io.FileSystemService, class com.almasb.fxgl.localization.LocalizationService, class com.almasb.fxgl.app.services.SystemBundleService, class com.almasb.fxgl.profile.SaveLoadService, class com.almasb.fxgl.ui.FXGLUIFactoryServiceProvider, class com.almasb.fxgl.ui.FXGLDialogFactoryServiceProvider, class com.almasb.fxgl.audio.AudioPlayer, class com.almasb.fxgl.notification.impl.NotificationServiceProvider, class com.almasb.fxgl.achievement.AchievementService, class com.almasb.fxgl.cutscene.CutsceneService, class com.almasb.fxgl.minigames.MiniGameService, class com.almasb.fxgl.net.NetService, class com.almasb.fxgl.app.services.UpdaterService, class com.almasb.fxgl.dev.DevService]
17:54:41.655 [FXGL Background Thread 3 ] DEBUG Engine               - fontGame: Abel-Regular.ttf
17:54:41.656 [FXGL Background Thread 3 ] DEBUG Engine               - fontMono: TerminalLandMono-Regular.otf
17:54:41.656 [FXGL Background Thread 3 ] DEBUG Engine               - fontText: Courier-Prime.ttf
17:54:41.656 [FXGL Background Thread 3 ] DEBUG Engine               - fontUI: VarelaRound-Regular.ttf
17:54:41.656 [FXGL Background Thread 3 ] DEBUG Engine               - fullScreen: BooleanProperty [value: false]
17:54:41.656 [FXGL Background Thread 3 ] DEBUG Engine               - gameDifficulty: MEDIUM
17:54:41.656 [FXGL Background Thread 3 ] DEBUG Engine               - gameDifficultyProperty: ObjectProperty [value: MEDIUM]
17:54:41.656 [FXGL Background Thread 3 ] DEBUG Engine               - globalMusicVolume: 0.5
17:54:41.656 [FXGL Background Thread 3 ] DEBUG Engine               - globalMusicVolumeProperty: DoubleProperty [value: 0.5]
17:54:41.656 [FXGL Background Thread 3 ] DEBUG Engine               - globalSoundVolume: 0.5
17:54:41.657 [FXGL Background Thread 3 ] DEBUG Engine               - globalSoundVolumeProperty: DoubleProperty [value: 0.5]
17:54:41.657 [FXGL Background Thread 3 ] DEBUG Engine               - height: 672
17:54:41.657 [FXGL Background Thread 3 ] DEBUG Engine               - is3D: false
17:54:41.657 [FXGL Background Thread 3 ] DEBUG Engine               - isAndroid: false
17:54:41.657 [FXGL Background Thread 3 ] DEBUG Engine               - isBrowser: false
17:54:41.657 [FXGL Background Thread 3 ] DEBUG Engine               - isClickFeedbackEnabled: false
17:54:41.657 [FXGL Background Thread 3 ] DEBUG Engine               - isCloseConfirmation: false
17:54:41.657 [FXGL Background Thread 3 ] DEBUG Engine               - isDesktop: true
17:54:41.658 [FXGL Background Thread 3 ] DEBUG Engine               - isDeveloperMenuEnabled: false
17:54:41.658 [FXGL Background Thread 3 ] DEBUG Engine               - isEmbedded: false
17:54:41.658 [FXGL Background Thread 3 ] DEBUG Engine               - isEntityPreloadEnabled: true
17:54:41.658 [FXGL Background Thread 3 ] DEBUG Engine               - isExperimentalTiledLargeMap: false
17:54:41.658 [FXGL Background Thread 3 ] DEBUG Engine               - isFileSystemWriteAllowed: true
17:54:41.658 [FXGL Background Thread 3 ] DEBUG Engine               - isFullScreenAllowed: false
17:54:41.658 [FXGL Background Thread 3 ] DEBUG Engine               - isFullScreenFromStart: false
17:54:41.658 [FXGL Background Thread 3 ] DEBUG Engine               - isGameMenuEnabled: true
17:54:41.658 [FXGL Background Thread 3 ] DEBUG Engine               - isIOS: false
17:54:41.658 [FXGL Background Thread 3 ] DEBUG Engine               - isIntroEnabled: false
17:54:41.658 [FXGL Background Thread 3 ] DEBUG Engine               - isLinux: false
17:54:41.658 [FXGL Background Thread 3 ] DEBUG Engine               - isMac: false
17:54:41.658 [FXGL Background Thread 3 ] DEBUG Engine               - isMainMenuEnabled: true
17:54:41.658 [FXGL Background Thread 3 ] DEBUG Engine               - isManualResizeEnabled: false
17:54:41.658 [FXGL Background Thread 3 ] DEBUG Engine               - isMobile: false
17:54:41.659 [FXGL Background Thread 3 ] DEBUG Engine               - isNative: false
17:54:41.659 [FXGL Background Thread 3 ] DEBUG Engine               - isPauseMusicWhenMinimized: true
17:54:41.659 [FXGL Background Thread 3 ] DEBUG Engine               - isPreserveResizeRatio: false
17:54:41.659 [FXGL Background Thread 3 ] DEBUG Engine               - isProfilingEnabled: false
17:54:41.659 [FXGL Background Thread 3 ] DEBUG Engine               - isScaleAffectedOnResize: true
17:54:41.659 [FXGL Background Thread 3 ] DEBUG Engine               - isSingleStep: false
17:54:41.659 [FXGL Background Thread 3 ] DEBUG Engine               - isUserProfileEnabled: false
17:54:41.659 [FXGL Background Thread 3 ] DEBUG Engine               - isWindows: true
17:54:41.659 [FXGL Background Thread 3 ] DEBUG Engine               - language: ObjectProperty [value: ENGLISH]
17:54:41.659 [FXGL Background Thread 3 ] DEBUG Engine               - menuKey: ESCAPE
17:54:41.660 [FXGL Background Thread 3 ] DEBUG Engine               - mouseSensitivity: 0.2
17:54:41.660 [FXGL Background Thread 3 ] DEBUG Engine               - notificationViewClass: class com.almasb.fxgl.notification.view.XboxNotificationView
17:54:41.660 [FXGL Background Thread 3 ] DEBUG Engine               - pixelsPerMeter: 50.0
17:54:41.660 [FXGL Background Thread 3 ] DEBUG Engine               - platform: WINDOWS
17:54:41.660 [FXGL Background Thread 3 ] DEBUG Engine               - prefHeightProperty: ReadOnlyDoubleProperty [value: 672.0]
17:54:41.660 [FXGL Background Thread 3 ] DEBUG Engine               - prefWidthProperty: ReadOnlyDoubleProperty [value: 816.0]
17:54:41.660 [FXGL Background Thread 3 ] DEBUG Engine               - profileDir: profiles/
17:54:41.660 [FXGL Background Thread 3 ] DEBUG Engine               - profileName: StringProperty [value: DEFAULT]
17:54:41.660 [FXGL Background Thread 3 ] DEBUG Engine               - randomSeed: -1
17:54:41.661 [FXGL Background Thread 3 ] DEBUG Engine               - runtimeInfo: RuntimeInfo(platform=WINDOWS, version=17.1, build=24.03.2022 17.34)
17:54:41.661 [FXGL Background Thread 3 ] DEBUG Engine               - saveFileExt: sav
17:54:41.661 [FXGL Background Thread 3 ] DEBUG Engine               - scaledHeightProp$fxgl: DoubleProperty [bound, value: 672.0]
17:54:41.661 [FXGL Background Thread 3 ] DEBUG Engine               - scaledWidthProp$fxgl: DoubleProperty [bound, value: 816.0]
17:54:41.661 [FXGL Background Thread 3 ] DEBUG Engine               - sceneFactory: org.haok.BraveSteveApp$1@3d7c6f35
17:54:41.661 [FXGL Background Thread 3 ] DEBUG Engine               - secondsIn24h: 60
17:54:41.661 [FXGL Background Thread 3 ] DEBUG Engine               - soundMenuBack: menu/back.wav
17:54:41.661 [FXGL Background Thread 3 ] DEBUG Engine               - soundMenuPress: menu/press.wav
17:54:41.661 [FXGL Background Thread 3 ] DEBUG Engine               - soundMenuSelect: menu/select.wav
17:54:41.661 [FXGL Background Thread 3 ] DEBUG Engine               - soundNotification: core/notification.wav
17:54:41.662 [FXGL Background Thread 3 ] DEBUG Engine               - stageStyle: DECORATED
17:54:41.662 [FXGL Background Thread 3 ] DEBUG Engine               - supportedLanguages: [ENGLISH, FRENCH, GERMAN, HUNGARIAN, RUSSIAN]
17:54:41.662 [FXGL Background Thread 3 ] DEBUG Engine               - ticksPerSecond: -1
17:54:41.662 [FXGL Background Thread 3 ] DEBUG Engine               - title: Brave Steve
17:54:41.662 [FXGL Background Thread 3 ] DEBUG Engine               - urlGithub: https://github.com/AlmasB/FXGL
17:54:41.662 [FXGL Background Thread 3 ] DEBUG Engine               - urlLeaderboard: http://fxgl-top.herokuapp.com/
17:54:41.662 [FXGL Background Thread 3 ] DEBUG Engine               - urlPOM: https://raw.githubusercontent.com/AlmasB/FXGL/release/README.md
17:54:41.663 [FXGL Background Thread 3 ] DEBUG Engine               - userAppClass: class org.haok.BraveSteveApp
17:54:41.663 [FXGL Background Thread 3 ] DEBUG Engine               - version: 1.0
17:54:41.663 [FXGL Background Thread 3 ] DEBUG Engine               - versionCheckDays: 7
17:54:41.663 [FXGL Background Thread 3 ] DEBUG Engine               - width: 816
17:54:41.663 [FXGL Background Thread 3 ] DEBUG Engine               - Logging services
17:54:41.663 [FXGL Background Thread 3 ] DEBUG Engine               - class com.almasb.fxgl.app.services.FXGLAssetLoaderService
17:54:41.663 [FXGL Background Thread 3 ] DEBUG Engine               - class com.almasb.fxgl.app.FXGLApplication$GameApplicationService
17:54:41.663 [FXGL Background Thread 3 ] DEBUG Engine               - class com.almasb.fxgl.app.services.FXGLDialogService
17:54:41.663 [FXGL Background Thread 3 ] DEBUG Engine               - class com.almasb.fxgl.app.services.IOTaskExecutorService
17:54:41.663 [FXGL Background Thread 3 ] DEBUG Engine               - class com.almasb.fxgl.io.FileSystemService
17:54:41.664 [FXGL Background Thread 3 ] DEBUG Engine               - class com.almasb.fxgl.localization.LocalizationService
17:54:41.664 [FXGL Background Thread 3 ] DEBUG Engine               - class com.almasb.fxgl.app.services.SystemBundleService
17:54:41.664 [FXGL Background Thread 3 ] DEBUG Engine               - class com.almasb.fxgl.profile.SaveLoadService
17:54:41.664 [FXGL Background Thread 3 ] DEBUG Engine               - class com.almasb.fxgl.ui.FXGLUIFactoryServiceProvider
17:54:41.664 [FXGL Background Thread 3 ] DEBUG Engine               - class com.almasb.fxgl.ui.FXGLDialogFactoryServiceProvider
17:54:41.664 [FXGL Background Thread 3 ] DEBUG Engine               - class com.almasb.fxgl.audio.AudioPlayer
17:54:41.664 [FXGL Background Thread 3 ] DEBUG Engine               - class com.almasb.fxgl.notification.impl.NotificationServiceProvider
17:54:41.664 [FXGL Background Thread 3 ] DEBUG Engine               - class com.almasb.fxgl.achievement.AchievementService
17:54:41.664 [FXGL Background Thread 3 ] DEBUG Engine               - class com.almasb.fxgl.cutscene.CutsceneService
17:54:41.664 [FXGL Background Thread 3 ] DEBUG Engine               - class com.almasb.fxgl.minigames.MiniGameService
17:54:41.664 [FXGL Background Thread 3 ] DEBUG Engine               - class com.almasb.fxgl.net.NetService
17:54:41.664 [FXGL Background Thread 3 ] DEBUG Engine               - class com.almasb.fxgl.app.services.UpdaterService
17:54:41.665 [FXGL Background Thread 3 ] DEBUG Engine               - class com.almasb.fxgl.dev.DevService
17:54:41.998 [JavaFX Application Thread] WARN  Entity               - Entity already has component: com.almasb.fxgl.entity.components.CollidableComponent
17:54:41.999 [JavaFX Application Thread] WARN  Entity               - Entity already has component: com.almasb.fxgl.entity.components.CollidableComponent
17:54:42.000 [JavaFX Application Thread] WARN  Entity               - Entity already has component: com.almasb.fxgl.entity.components.CollidableComponent
17:54:42.574 [JavaFX Application Thread] WARN  Entity               - Entity already has component: com.almasb.fxgl.entity.components.CollidableComponent
17:54:42.575 [JavaFX Application Thread] WARN  Entity               - Entity already has component: com.almasb.fxgl.entity.components.CollidableComponent
17:54:42.576 [JavaFX Application Thread] WARN  Entity               - Entity already has component: com.almasb.fxgl.entity.components.CollidableComponent
17:54:43.197 [JavaFX Application Thread] WARN  Entity               - Entity already has component: com.almasb.fxgl.entity.components.CollidableComponent
17:54:43.198 [JavaFX Application Thread] WARN  Entity               - Entity already has component: com.almasb.fxgl.entity.components.CollidableComponent
17:54:43.198 [JavaFX Application Thread] WARN  Entity               - Entity already has component: com.almasb.fxgl.entity.components.CollidableComponent
17:54:43.486 [JavaFX Application Thread] WARN  Entity               - Entity already has component: com.almasb.fxgl.entity.components.CollidableComponent
17:54:43.487 [JavaFX Application Thread] WARN  Entity               - Entity already has component: com.almasb.fxgl.entity.components.CollidableComponent
17:54:43.488 [JavaFX Application Thread] WARN  Entity               - Entity already has component: com.almasb.fxgl.entity.components.CollidableComponent
17:54:44.685 [JavaFX Application Thread] WARN  Entity               - Entity already has component: com.almasb.fxgl.entity.components.CollidableComponent
17:54:44.687 [JavaFX Application Thread] WARN  Entity               - Entity already has component: com.almasb.fxgl.entity.components.CollidableComponent
17:54:44.688 [JavaFX Application Thread] WARN  Entity               - Entity already has component: com.almasb.fxgl.entity.components.CollidableComponent
17:54:44.893 [JavaFX Application Thread] WARN  Entity               - Entity already has component: com.almasb.fxgl.entity.components.CollidableComponent
17:54:44.893 [JavaFX Application Thread] WARN  Entity               - Entity already has component: com.almasb.fxgl.entity.components.CollidableComponent
17:54:44.894 [JavaFX Application Thread] WARN  Entity               - Entity already has component: com.almasb.fxgl.entity.components.CollidableComponent
17:54:44.990 [JavaFX Application Thread] WARN  Entity               - Entity already has component: com.almasb.fxgl.entity.components.CollidableComponent
17:54:44.991 [JavaFX Application Thread] WARN  Entity               - Entity already has component: com.almasb.fxgl.entity.components.CollidableComponent
17:54:44.992 [JavaFX Application Thread] WARN  Entity               - Entity already has component: com.almasb.fxgl.entity.components.CollidableComponent
17:54:45.309 [JavaFX Application Thread] WARN  Entity               - Entity already has component: com.almasb.fxgl.entity.components.CollidableComponent
17:54:45.309 [JavaFX Application Thread] WARN  Entity               - Entity already has component: com.almasb.fxgl.entity.components.CollidableComponent
17:54:45.310 [JavaFX Application Thread] WARN  Entity               - Entity already has component: com.almasb.fxgl.entity.components.CollidableComponent
17:54:45.598 [JavaFX Application Thread] DEBUG FXGLAssetLoaderServi - Loading from file system: jar:file:/C:/Users/zhangaihua/IdeaProjects/bravehaok/out/artifacts/bravehaok_jar/bravehaok.jar!/assets/sounds/hit.wav
17:54:45.806 [JavaFX Application Thread] WARN  Entity               - Entity already has component: com.almasb.fxgl.entity.components.CollidableComponent
17:54:45.806 [JavaFX Application Thread] WARN  Entity               - Entity already has component: com.almasb.fxgl.entity.components.CollidableComponent
17:54:45.806 [JavaFX Application Thread] WARN  Entity               - Entity already has component: com.almasb.fxgl.entity.components.CollidableComponent
17:54:45.901 [JavaFX Application Thread] DEBUG FXGLAssetLoaderServi - Loading from file system: jar:file:/C:/Users/zhangaihua/IdeaProjects/bravehaok/out/artifacts/bravehaok_jar/bravehaok.jar!/assets/sounds/die.wav
17:54:45.902 [JavaFX Application Thread] DEBUG FXGLAssetLoaderServi - Loading from file system: jar:file:/C:/Users/zhangaihua/IdeaProjects/bravehaok/out/artifacts/bravehaok_jar/bravehaok.jar!/assets/textures/die.png
17:54:46.045 [JavaFX Application Thread] WARN  Entity               - Entity already has component: com.almasb.fxgl.entity.components.CollidableComponent
17:54:46.045 [JavaFX Application Thread] WARN  Entity               - Entity already has component: com.almasb.fxgl.entity.components.CollidableComponent
17:54:46.046 [JavaFX Application Thread] WARN  Entity               - Entity already has component: com.almasb.fxgl.entity.components.CollidableComponent
17:54:46.188 [JavaFX Application Thread] DEBUG FXGLAssetLoaderServi - Loading from file system: jar:file:/C:/Users/zhangaihua/IdeaProjects/bravehaok/out/artifacts/bravehaok_jar/bravehaok.jar!/assets/sounds/boom.wav
17:54:46.190 [JavaFX Application Thread] WARN  GameWorld            - Attempted to remove entity which is not active
17:54:46.717 [JavaFX Application Thread] WARN  Entity               - Entity already has component: com.almasb.fxgl.entity.components.CollidableComponent
17:54:46.717 [JavaFX Application Thread] WARN  Entity               - Entity already has component: com.almasb.fxgl.entity.components.CollidableComponent
17:54:46.718 [JavaFX Application Thread] WARN  Entity               - Entity already has component: com.almasb.fxgl.entity.components.CollidableComponent
17:54:46.974 [JavaFX Application Thread] WARN  Entity               - Entity already has component: com.almasb.fxgl.entity.components.CollidableComponent
17:54:46.983 [JavaFX Application Thread] WARN  Entity               - Entity already has component: com.almasb.fxgl.entity.components.CollidableComponent
17:54:46.984 [JavaFX Application Thread] WARN  Entity               - Entity already has component: com.almasb.fxgl.entity.components.CollidableComponent
17:54:47.469 [JavaFX Application Thread] WARN  Entity               - Entity already has component: com.almasb.fxgl.entity.components.CollidableComponent
17:54:47.470 [JavaFX Application Thread] WARN  Entity               - Entity already has component: com.almasb.fxgl.entity.components.CollidableComponent
17:54:47.471 [JavaFX Application Thread] WARN  Entity               - Entity already has component: com.almasb.fxgl.entity.components.CollidableComponent
17:54:47.710 [JavaFX Application Thread] WARN  Entity               - Entity already has component: com.almasb.fxgl.entity.components.CollidableComponent
17:54:47.710 [JavaFX Application Thread] WARN  Entity               - Entity already has component: com.almasb.fxgl.entity.components.CollidableComponent
17:54:47.711 [JavaFX Application Thread] WARN  Entity               - Entity already has component: com.almasb.fxgl.entity.components.CollidableComponent
17:54:47.885 [JavaFX Application Thread] WARN  Entity               - Entity already has component: com.almasb.fxgl.entity.components.CollidableComponent
17:54:47.885 [JavaFX Application Thread] WARN  Entity               - Entity already has component: com.almasb.fxgl.entity.components.CollidableComponent
17:54:47.886 [JavaFX Application Thread] WARN  Entity               - Entity already has component: com.almasb.fxgl.entity.components.CollidableComponent
17:54:48.221 [JavaFX Application Thread] WARN  Entity               - Entity already has component: com.almasb.fxgl.entity.components.CollidableComponent
17:54:48.222 [JavaFX Application Thread] WARN  Entity               - Entity already has component: com.almasb.fxgl.entity.components.CollidableComponent
17:54:48.222 [JavaFX Application Thread] WARN  Entity               - Entity already has component: com.almasb.fxgl.entity.components.CollidableComponent
17:54:48.238 [JavaFX Application Thread] WARN  Entity               - Entity already has component: com.almasb.fxgl.entity.components.CollidableComponent
17:54:48.238 [JavaFX Application Thread] WARN  Entity               - Entity already has component: com.almasb.fxgl.entity.components.CollidableComponent
17:54:48.238 [JavaFX Application Thread] WARN  Entity               - Entity already has component: com.almasb.fxgl.entity.components.CollidableComponent
17:54:48.367 [JavaFX Application Thread] DEBUG FXGLAssetLoaderServi - Loading from file system: jar:file:/C:/Users/zhangaihua/IdeaProjects/bravehaok/out/artifacts/bravehaok_jar/bravehaok.jar!/assets/textures/items/firework.png
17:54:48.428 [JavaFX Application Thread] DEBUG FXGLAssetLoaderServi - Loading from file system: jar:file:/C:/Users/zhangaihua/IdeaProjects/bravehaok/out/artifacts/bravehaok_jar/bravehaok.jar!/assets/sounds/item.wav
17:54:49.069 [JavaFX Application Thread] WARN  Entity               - Entity already has component: com.almasb.fxgl.entity.components.CollidableComponent
17:54:49.069 [JavaFX Application Thread] WARN  Entity               - Entity already has component: com.almasb.fxgl.entity.components.CollidableComponent
17:54:49.070 [JavaFX Application Thread] WARN  Entity               - Entity already has component: com.almasb.fxgl.entity.components.CollidableComponent
17:54:49.070 [JavaFX Application Thread] DEBUG FXGLAssetLoaderServi - Loading from file system: jar:file:/C:/Users/zhangaihua/IdeaProjects/bravehaok/out/artifacts/bravehaok_jar/bravehaok.jar!/assets/sounds/launch.wav
17:54:49.599 [JavaFX Application Thread] DEBUG FXGLAssetLoaderServi - Loading from file system: jar:file:/C:/Users/zhangaihua/IdeaProjects/bravehaok/out/artifacts/bravehaok_jar/bravehaok.jar!/assets/textures/items/ship.png
17:54:50.287 [JavaFX Application Thread] WARN  Entity               - Entity already has component: com.almasb.fxgl.entity.components.CollidableComponent
17:54:50.287 [JavaFX Application Thread] WARN  Entity               - Entity already has component: com.almasb.fxgl.entity.components.CollidableComponent
17:54:50.287 [JavaFX Application Thread] WARN  Entity               - Entity already has component: com.almasb.fxgl.entity.components.CollidableComponent
17:54:51.649 [JavaFX Application Thread] DEBUG FXGLApplication      - Exiting FXGL
17:54:51.650 [JavaFX Application Thread] DEBUG LoopRunner           - Stopping loop
17:54:51.650 [JavaFX Application Thread] DEBUG SystemBundleService  - Saving FXGL system data
17:54:51.652 [JavaFX Application Thread] DEBUG FileSystemAccess     - Writing to: C:\Users\zhangaihua\IdeaProjects\bravehaok\out\artifacts\bravehaok_jar\system\fxgl.bundle
17:54:51.653 [JavaFX Application Thread] DEBUG Async                - Shutting down background threads
17:54:51.653 [JavaFX Application Thread] DEBUG PrimaryStageWindow   - Closing main window
17:54:51.667 [JavaFX Application Thread] DEBUG Logger               - Closing Logger
