12:34:41.815 [main                     ] DEBUG Logger               - Configured Logger
12:34:41.846 [main                     ] DEBUG GameApplication      - Logging settings
Title: Brave Steve
Version: 1.0
Width: 816
Height: 672
Fullscreen: false
Intro: false
Profiling: false
Single step:false
App Mode: DEVELOPER
Menu Key: ESCAPE
Stage Style: DECORATED
Scene Factory: class org.haok.BraveSteveApp$1

12:34:42.209 [JavaFX Application Thread] DEBUG FXGLApplication      - Initializing FXGL
12:34:42.217 [JavaFX Application Thread] INFO  Engine               - FXGL-17.1 (24.03.2022 17.34) on WINDOWS (J:17.0.5 FX:18)
12:34:42.217 [JavaFX Application Thread] DEBUG Engine               - JRE Vendor Name: Oracle Corporation
12:34:42.218 [JavaFX Application Thread] DEBUG Engine               - Running on OS: Windows 10 version 10.0
12:34:42.218 [JavaFX Application Thread] DEBUG Engine               - Architecture: amd64
12:34:42.218 [JavaFX Application Thread] INFO  Engine               - Source code and latest versions at: https://github.com/AlmasB/FXGL
12:34:42.218 [JavaFX Application Thread] INFO  Engine               -       Ask questions and discuss at: https://github.com/AlmasB/FXGL/discussions
12:34:42.219 [JavaFX Application Thread] INFO  Engine               -              Join the FXGL chat at: https://gitter.im/AlmasB/FXGL
12:34:42.396 [JavaFX Application Thread] DEBUG PrimaryStageWindow   - Creating a JavaFX scene
12:34:42.452 [JavaFX Application Thread] DEBUG PrimaryStageWindow   - Target settings size: 816.0 x 672.0
12:34:42.453 [JavaFX Application Thread] DEBUG PrimaryStageWindow   - Scaled scene size:    816.0 x 672.0
12:34:42.453 [JavaFX Application Thread] DEBUG PrimaryStageWindow   - Scaled ratio: (1.0, 1.0)
12:34:42.454 [JavaFX Application Thread] DEBUG PrimaryStageWindow   - Set initial scene to StartScene
12:34:42.464 [JavaFX Application Thread] DEBUG PrimaryStageWindow   - Opening main window
12:34:42.630 [JavaFX Application Thread] DEBUG PrimaryStageWindow   - Window border size: (14.4000244140625, 37.5999755859375)
12:34:42.630 [JavaFX Application Thread] DEBUG PrimaryStageWindow   - Scaled size: 816.0 x 672.0
12:34:42.631 [JavaFX Application Thread] DEBUG PrimaryStageWindow   - Scaled ratio: (1.0, 1.0)
12:34:42.631 [JavaFX Application Thread] DEBUG PrimaryStageWindow   - Scene size: 816.0 x 672.0
12:34:42.631 [JavaFX Application Thread] DEBUG PrimaryStageWindow   - Stage size: 830.4000244140625 x 709.5999755859375
12:34:42.639 [FXGL Background Thread 1 ] DEBUG Engine               - Initializing environment variables
12:34:42.678 [FXGL Background Thread 1 ] DEBUG FXGLAssetLoaderServi - User app class for loading assets: class org.haok.BraveSteveApp
12:34:42.678 [FXGL Background Thread 1 ] DEBUG GameApplicationServi - Applying CSS: fxgl_dark.css
12:34:42.679 [FXGL Background Thread 1 ] DEBUG FXGLAssetLoaderServi - Loading from file system: jar:file:///C:/Users/zhangaihua/.m2/repository/com/github/almasb/fxgl/17.1/fxgl-17.1.jar!/fxglassets/ui/css/fxgl_dark.css
12:34:42.734 [FXGL Background Thread 1 ] DEBUG GameApplicationServi - Applying CSS: app.css
12:34:42.735 [FXGL Background Thread 1 ] DEBUG FXGLAssetLoaderServi - Loading from file system: file:/C:/Users/zhangaihua/IdeaProjects/bravehaok/target/classes/assets/ui/css/app.css
12:34:42.736 [FXGL Background Thread 1 ] DEBUG GameApplicationServi - Initializing application scenes
12:34:42.754 [FXGL Background Thread 1 ] DEBUG GameWorld            - Game world initialized
12:34:42.829 [FXGL Background Thread 1 ] DEBUG PhysicsWorld         - Physics world initialized: appHeight=672, physics.ppm=50.0
12:34:42.829 [FXGL Background Thread 1 ] DEBUG PhysicsWorld         - Using strategy: BRUTE_FORCE
12:34:42.834 [FXGL Background Thread 1 ] DEBUG GameScene            - Game scene initialized: 816x672
12:34:42.837 [FXGL Background Thread 1 ] DEBUG FXGLAssetLoaderServi - Loading from file system: file:/C:/Users/zhangaihua/IdeaProjects/bravehaok/target/classes/assets/textures/ui/mainmenu.png
12:34:42.853 [FXGL Background Thread 1 ] DEBUG FXGLAssetLoaderServi - Loading from file system: file:/C:/Users/zhangaihua/IdeaProjects/bravehaok/target/classes/assets/textures/ui/pause.png
12:34:42.872 [FXGL Background Thread 1 ] DEBUG GameApplicationServi - Application scenes initialized
12:34:42.961 [FXGL Background Thread 1 ] DEBUG SystemBundleService  - Loading FXGL system data
12:34:42.968 [FXGL Background Thread 1 ] DEBUG FileSystemAccess     - Reading from: C:\Users\zhangaihua\IdeaProjects\bravehaok\system\fxgl.bundle
12:34:42.977 [FXGL Background Thread 1 ] DEBUG SystemBundleService  - Bundle FXGL: {}
12:34:42.977 [FXGL Background Thread 1 ] DEBUG UpdaterService       - Checking for updates
12:34:42.985 [FXGL Background Thread 4 ] DEBUG FXGLApplication      - Loading fonts
12:34:42.986 [FXGL Background Thread 1 ] DEBUG FXGLApplication      - Loading default localization
12:34:42.987 [FXGL Background Thread 4 ] DEBUG FXGLAssetLoaderServi - Loading from file system: jar:file:///C:/Users/zhangaihua/.m2/repository/com/github/almasb/fxgl/17.1/fxgl-17.1.jar!/fxglassets/ui/fonts/VarelaRound-Regular.ttf
12:34:42.987 [FXGL Background Thread 1 ] DEBUG FXGLAssetLoaderServi - Loading from file system: jar:file:///C:/Users/zhangaihua/.m2/repository/com/github/almasb/fxgl/17.1/fxgl-17.1.jar!/fxglassets/languages/english.lang
12:34:43.018 [FXGL Background Thread 1 ] INFO  FXGLApplication      - FXGL initialization took: 0.378 sec
12:34:43.032 [JavaFX Application Thread] DEBUG Input                - Registered new binding: action0 - W
12:34:43.033 [JavaFX Application Thread] DEBUG Input                - Registered new binding: action1 - S
12:34:43.033 [JavaFX Application Thread] DEBUG Input                - Registered new binding: action2 - A
12:34:43.034 [JavaFX Application Thread] DEBUG Input                - Registered new binding: action3 - D
12:34:43.034 [JavaFX Application Thread] DEBUG Input                - Registered new binding: action4 - Space
12:34:43.035 [JavaFX Application Thread] DEBUG Input                - Registered new binding: action5 - F
12:34:43.036 [JavaFX Application Thread] DEBUG FXGLAssetLoaderServi - Loading from file system: file:/C:/Users/zhangaihua/IdeaProjects/bravehaok/target/classes/assets/textures/icon.png
12:34:43.043 [JavaFX Application Thread] DEBUG FXGLAssetLoaderServi - Loading from file system: file:/C:/Users/zhangaihua/IdeaProjects/bravehaok/target/classes/assets/textures/ui/cursor.png
12:34:43.047 [JavaFX Application Thread] DEBUG Input                - Registered new binding: Screenshot - CTRL+8
12:34:43.047 [JavaFX Application Thread] DEBUG Input                - Registered new binding: System info dump - CTRL+9
12:34:43.048 [JavaFX Application Thread] DEBUG Input                - Registered new binding: Restart - CTRL+R
12:34:43.048 [JavaFX Application Thread] DEBUG Input                - Registered new binding: Toggle Debug Camera - CTRL+7
12:34:43.051 [JavaFX Application Thread] DEBUG LoopRunner           - Starting loop
12:34:43.051 [JavaFX Application Thread] DEBUG LoopRunner           - Initializing JavaFX AnimationTimerLoop
12:34:43.055 [JavaFX Application Thread] DEBUG Input                - Clearing active input actions
12:34:43.067 [JavaFX Application Thread] DEBUG GameApplicationServi - Removing overlay from StartScene and adding to FXGLMainMenuDummyScene
12:34:43.068 [JavaFX Application Thread] DEBUG PrimaryStageWindow   - StartScene -> FXGLMainMenuDummyScene
12:34:43.068 [JavaFX Application Thread] DEBUG PrimaryStageWindow   - Push state: AppMainMenu
12:34:43.068 [JavaFX Application Thread] DEBUG Input                - Clearing active input actions
12:34:43.075 [JavaFX Application Thread] DEBUG GameApplicationServi - Removing overlay from FXGLMainMenuDummyScene and adding to AppMainMenu
12:34:43.076 [JavaFX Application Thread] DEBUG PrimaryStageWindow   - FXGLMainMenuDummyScene -> AppMainMenu
12:34:43.104 [FXGL Background Thread 4 ] DEBUG FXGLAssetLoaderServi - Loading from file system: jar:file:///C:/Users/zhangaihua/.m2/repository/com/github/almasb/fxgl/17.1/fxgl-17.1.jar!/fxglassets/ui/fonts/Abel-Regular.ttf
12:34:43.108 [FXGL Background Thread 4 ] DEBUG FXGLAssetLoaderServi - Loading from file system: jar:file:///C:/Users/zhangaihua/.m2/repository/com/github/almasb/fxgl/17.1/fxgl-17.1.jar!/fxglassets/ui/fonts/TerminalLandMono-Regular.otf
12:34:43.113 [FXGL Background Thread 4 ] DEBUG FXGLAssetLoaderServi - Loading from file system: jar:file:///C:/Users/zhangaihua/.m2/repository/com/github/almasb/fxgl/17.1/fxgl-17.1.jar!/fxglassets/ui/fonts/Courier-Prime.ttf
12:34:43.178 [JavaFX Application Thread] DEBUG FXGLApplication      - Registering font factories with UI factory
12:34:43.263 [FXGL Background Thread 2 ] WARN  UpdaterService       - Failed to find updates: java.net.UnknownHostException: raw.githubusercontent.com
12:34:43.996 [JavaFX Application Thread] DEBUG GameApplicationServi - Starting new game
12:34:43.997 [JavaFX Application Thread] DEBUG PrimaryStageWindow   - Pop state: AppMainMenu
12:34:43.997 [JavaFX Application Thread] DEBUG Input                - Clearing active input actions
12:34:43.997 [JavaFX Application Thread] DEBUG GameApplicationServi - Removing overlay from AppMainMenu and adding to FXGLMainMenuDummyScene
12:34:43.998 [JavaFX Application Thread] DEBUG PrimaryStageWindow   - FXGLMainMenuDummyScene <- AppMainMenu
12:34:43.998 [JavaFX Application Thread] DEBUG Input                - Clearing active input actions
12:34:44.007 [JavaFX Application Thread] DEBUG GameApplicationServi - Removing overlay from FXGLMainMenuDummyScene and adding to AppLoadingScean
12:34:44.007 [JavaFX Application Thread] DEBUG PrimaryStageWindow   - FXGLMainMenuDummyScene -> AppLoadingScean
12:34:44.007 [JavaFX Application Thread] DEBUG GameApplicationServi - Clearing previous game
12:34:44.007 [JavaFX Application Thread] DEBUG GameScene            - Clearing game scene
12:34:44.007 [JavaFX Application Thread] DEBUG GameWorld            - Clearing game world
12:34:44.008 [JavaFX Application Thread] DEBUG PhysicsWorld         - Clearing physics world
12:34:44.009 [FXGL Background Thread 2 ] DEBUG FXGLApplication      - Initializing game
12:34:44.053 [FXGL Background Thread 2 ] WARN  TMXLevelLoader       - TiledMap generated from 1.9.2. Supported version: 1.4.2. Some features may not be parsed fully.
12:34:44.072 [FXGL Background Thread 2 ] DEBUG TMXLevelLoader       - Parsed TiledMap: file:/C:/Users/zhangaihua/IdeaProjects/bravehaok/target/classes/assets/levels/level2.tmx
12:34:44.073 [FXGL Background Thread 2 ] DEBUG TMXLevelLoader       - Creating tile layer entities
12:34:44.076 [FXGL Background Thread 2 ] DEBUG TilesetLoader        - Loading view for layer 图块层 1
12:34:44.080 [FXGL Background Thread 2 ] DEBUG TilesetLoader        - Created buffer with size 672.0x672.0
12:34:44.080 [FXGL Background Thread 2 ] DEBUG TMXLevelLoader       - Creating object layer entities
12:34:44.101 [FXGL Background Thread 2 ] DEBUG FXGLAssetLoaderServi - Loading from file system: file:/C:/Users/zhangaihua/IdeaProjects/bravehaok/target/classes/assets/textures/map/glass.png
12:34:44.136 [FXGL Background Thread 2 ] DEBUG FXGLAssetLoaderServi - Loading from file system: file:/C:/Users/zhangaihua/IdeaProjects/bravehaok/target/classes/assets/textures/map/bed.png
12:34:44.145 [FXGL Background Thread 2 ] DEBUG FXGLAssetLoaderServi - Loading from file system: file:/C:/Users/zhangaihua/IdeaProjects/bravehaok/target/classes/assets/textures/map/brick.png
12:34:44.172 [FXGL Background Thread 2 ] DEBUG FXGLAssetLoaderServi - Loading from file system: file:/C:/Users/zhangaihua/IdeaProjects/bravehaok/target/classes/assets/textures/map/stone.png
12:34:44.178 [FXGL Background Thread 2 ] DEBUG FXGLAssetLoaderServi - Loading from file system: file:/C:/Users/zhangaihua/IdeaProjects/bravehaok/target/classes/assets/textures/map/grass.png
12:34:44.184 [FXGL Background Thread 2 ] DEBUG FXGLAssetLoaderServi - Loading from file system: file:/C:/Users/zhangaihua/IdeaProjects/bravehaok/target/classes/assets/textures/map/water.png
12:34:44.200 [FXGL Background Thread 2 ] DEBUG GameWorld            - Clearing removable entities
12:34:44.201 [FXGL Background Thread 2 ] DEBUG GameWorld            - Setting level: com.almasb.fxgl.entity.level.Level@50b8fbe1
12:34:44.211 [FXGL Background Thread 2 ] DEBUG FXGLAssetLoaderServi - Loading from file system: file:/C:/Users/zhangaihua/IdeaProjects/bravehaok/target/classes/assets/textures/steve.png
12:34:44.217 [FXGL Background Thread 2 ] WARN  Entity               - Entity already has component: org.haok.component.PlayerLevelComponent
12:34:44.222 [FXGL Background Thread 2 ] DEBUG FXGLAssetLoaderServi - Loading from file system: file:/C:/Users/zhangaihua/IdeaProjects/bravehaok/target/classes/assets/textures/level.png
12:34:44.224 [FXGL Background Thread 2 ] DEBUG FXGLAssetLoaderServi - Loading from file system: file:/C:/Users/zhangaihua/IdeaProjects/bravehaok/target/classes/assets/textures/ui/arrow.png
12:34:44.227 [FXGL Background Thread 2 ] DEBUG FXGLAssetLoaderServi - Loading from file system: file:/C:/Users/zhangaihua/IdeaProjects/bravehaok/target/classes/assets/textures/zombie.png
12:34:44.239 [FXGL Background Thread 2 ] INFO  FXGLApplication      - Game initialization took: 0.230 sec
12:34:44.240 [JavaFX Application Thread] DEBUG Input                - Clearing active input actions
12:34:44.253 [JavaFX Application Thread] DEBUG GameApplicationServi - Removing overlay from AppLoadingScean and adding to GameScene
12:34:44.254 [JavaFX Application Thread] DEBUG PrimaryStageWindow   - AppLoadingScean -> GameScene
12:34:45.911 [JavaFX Application Thread] DEBUG FXGLAssetLoaderServi - Loading from file system: file:/C:/Users/zhangaihua/IdeaProjects/bravehaok/target/classes/assets/textures/arrow.png
12:34:45.913 [JavaFX Application Thread] WARN  Entity               - Entity already has component: com.almasb.fxgl.entity.components.CollidableComponent
12:34:45.913 [JavaFX Application Thread] DEBUG FXGLAssetLoaderServi - Loading from file system: file:/C:/Users/zhangaihua/IdeaProjects/bravehaok/target/classes/assets/textures/betterArrow.png
12:34:45.914 [JavaFX Application Thread] WARN  Entity               - Entity already has component: com.almasb.fxgl.entity.components.CollidableComponent
12:34:45.915 [JavaFX Application Thread] DEBUG FXGLAssetLoaderServi - Loading from file system: file:/C:/Users/zhangaihua/IdeaProjects/bravehaok/target/classes/assets/textures/bestArrow.png
12:34:45.916 [JavaFX Application Thread] WARN  Entity               - Entity already has component: com.almasb.fxgl.entity.components.CollidableComponent
12:34:45.916 [JavaFX Application Thread] DEBUG FXGLAssetLoaderServi - Loading from file system: file:/C:/Users/zhangaihua/IdeaProjects/bravehaok/target/classes/assets/sounds/biu.wav
12:34:45.984 [FXGL Background Thread 3 ] DEBUG Engine               - Logging environment variables
12:34:45.984 [FXGL Background Thread 3 ] DEBUG Engine               - achievements: []
12:34:45.984 [FXGL Background Thread 3 ] DEBUG Engine               - actualHeight: 672.0
12:34:45.985 [FXGL Background Thread 3 ] DEBUG Engine               - actualHeightProperty: ReadOnlyDoubleProperty [value: 672.0]
12:34:45.985 [FXGL Background Thread 3 ] DEBUG Engine               - actualWidth: 816.0
12:34:45.985 [FXGL Background Thread 3 ] DEBUG Engine               - actualWidthProperty: ReadOnlyDoubleProperty [value: 816.0]
12:34:45.985 [FXGL Background Thread 3 ] DEBUG Engine               - appIcon: icon.png
12:34:45.985 [FXGL Background Thread 3 ] DEBUG Engine               - applicationMode: DEVELOPER
12:34:45.985 [FXGL Background Thread 3 ] DEBUG Engine               - cSSList: [fxgl_dark.css, app.css]
12:34:45.985 [FXGL Background Thread 3 ] DEBUG Engine               - collisionDetectionStrategy: BRUTE_FORCE
12:34:45.985 [FXGL Background Thread 3 ] DEBUG Engine               - configClass: Optional.empty
12:34:45.985 [FXGL Background Thread 3 ] DEBUG Engine               - credits: []
12:34:45.987 [FXGL Background Thread 3 ] DEBUG Engine               - defaultCursor: CursorInfo(imageName=ui/cursor.png, hotspotX=0.0, hotspotY=0.0)
12:34:45.988 [FXGL Background Thread 3 ] DEBUG Engine               - devBBoxColorProperty: ObjectProperty [value: 0xff0000ff]
12:34:45.988 [FXGL Background Thread 3 ] DEBUG Engine               - devEnableDebugCameraProperty: BooleanProperty [value: false]
12:34:45.988 [FXGL Background Thread 3 ] DEBUG Engine               - devSensorColorProperty: ObjectProperty [value: 0xffff00ff]
12:34:45.988 [FXGL Background Thread 3 ] DEBUG Engine               - devShowBBoxProperty: BooleanProperty [value: false]
12:34:45.988 [FXGL Background Thread 3 ] DEBUG Engine               - devShowPositionProperty: BooleanProperty [value: false]
12:34:45.989 [FXGL Background Thread 3 ] DEBUG Engine               - enabledMenuItems: []
12:34:45.989 [FXGL Background Thread 3 ] DEBUG Engine               - engineServices: [class com.almasb.fxgl.app.services.FXGLAssetLoaderService, class com.almasb.fxgl.app.FXGLApplication$GameApplicationService, class com.almasb.fxgl.app.services.FXGLDialogService, class com.almasb.fxgl.app.services.IOTaskExecutorService, class com.almasb.fxgl.io.FileSystemService, class com.almasb.fxgl.localization.LocalizationService, class com.almasb.fxgl.app.services.SystemBundleService, class com.almasb.fxgl.profile.SaveLoadService, class com.almasb.fxgl.ui.FXGLUIFactoryServiceProvider, class com.almasb.fxgl.ui.FXGLDialogFactoryServiceProvider, class com.almasb.fxgl.audio.AudioPlayer, class com.almasb.fxgl.notification.impl.NotificationServiceProvider, class com.almasb.fxgl.achievement.AchievementService, class com.almasb.fxgl.cutscene.CutsceneService, class com.almasb.fxgl.minigames.MiniGameService, class com.almasb.fxgl.net.NetService, class com.almasb.fxgl.app.services.UpdaterService, class com.almasb.fxgl.dev.DevService]
12:34:45.989 [FXGL Background Thread 3 ] DEBUG Engine               - fontGame: Abel-Regular.ttf
12:34:45.989 [FXGL Background Thread 3 ] DEBUG Engine               - fontMono: TerminalLandMono-Regular.otf
12:34:45.989 [FXGL Background Thread 3 ] DEBUG Engine               - fontText: Courier-Prime.ttf
12:34:45.989 [FXGL Background Thread 3 ] DEBUG Engine               - fontUI: VarelaRound-Regular.ttf
12:34:45.989 [FXGL Background Thread 3 ] DEBUG Engine               - fullScreen: BooleanProperty [value: false]
12:34:45.989 [FXGL Background Thread 3 ] DEBUG Engine               - gameDifficulty: MEDIUM
12:34:45.989 [FXGL Background Thread 3 ] DEBUG Engine               - gameDifficultyProperty: ObjectProperty [value: MEDIUM]
12:34:45.989 [FXGL Background Thread 3 ] DEBUG Engine               - globalMusicVolume: 0.5
12:34:45.990 [FXGL Background Thread 3 ] DEBUG Engine               - globalMusicVolumeProperty: DoubleProperty [value: 0.5]
12:34:45.990 [FXGL Background Thread 3 ] DEBUG Engine               - globalSoundVolume: 0.5
12:34:45.990 [FXGL Background Thread 3 ] DEBUG Engine               - globalSoundVolumeProperty: DoubleProperty [value: 0.5]
12:34:45.990 [FXGL Background Thread 3 ] DEBUG Engine               - height: 672
12:34:45.990 [FXGL Background Thread 3 ] DEBUG Engine               - is3D: false
12:34:45.990 [FXGL Background Thread 3 ] DEBUG Engine               - isAndroid: false
12:34:45.990 [FXGL Background Thread 3 ] DEBUG Engine               - isBrowser: false
12:34:45.990 [FXGL Background Thread 3 ] DEBUG Engine               - isClickFeedbackEnabled: false
12:34:45.990 [FXGL Background Thread 3 ] DEBUG Engine               - isCloseConfirmation: false
12:34:45.990 [FXGL Background Thread 3 ] DEBUG Engine               - isDesktop: true
12:34:45.990 [FXGL Background Thread 3 ] DEBUG Engine               - isDeveloperMenuEnabled: false
12:34:45.990 [FXGL Background Thread 3 ] DEBUG Engine               - isEmbedded: false
12:34:45.990 [FXGL Background Thread 3 ] DEBUG Engine               - isEntityPreloadEnabled: true
12:34:45.990 [FXGL Background Thread 3 ] DEBUG Engine               - isExperimentalTiledLargeMap: false
12:34:45.991 [FXGL Background Thread 3 ] DEBUG Engine               - isFileSystemWriteAllowed: true
12:34:45.991 [FXGL Background Thread 3 ] DEBUG Engine               - isFullScreenAllowed: false
12:34:45.991 [FXGL Background Thread 3 ] DEBUG Engine               - isFullScreenFromStart: false
12:34:45.991 [FXGL Background Thread 3 ] DEBUG Engine               - isGameMenuEnabled: true
12:34:45.991 [FXGL Background Thread 3 ] DEBUG Engine               - isIOS: false
12:34:45.991 [FXGL Background Thread 3 ] DEBUG Engine               - isIntroEnabled: false
12:34:45.991 [FXGL Background Thread 3 ] DEBUG Engine               - isLinux: false
12:34:45.991 [FXGL Background Thread 3 ] DEBUG Engine               - isMac: false
12:34:45.991 [FXGL Background Thread 3 ] DEBUG Engine               - isMainMenuEnabled: true
12:34:45.991 [FXGL Background Thread 3 ] DEBUG Engine               - isManualResizeEnabled: false
12:34:45.991 [FXGL Background Thread 3 ] DEBUG Engine               - isMobile: false
12:34:45.992 [FXGL Background Thread 3 ] DEBUG Engine               - isNative: false
12:34:45.992 [FXGL Background Thread 3 ] DEBUG Engine               - isPauseMusicWhenMinimized: true
12:34:45.992 [FXGL Background Thread 3 ] DEBUG Engine               - isPreserveResizeRatio: false
12:34:45.992 [FXGL Background Thread 3 ] DEBUG Engine               - isProfilingEnabled: false
12:34:45.992 [FXGL Background Thread 3 ] DEBUG Engine               - isScaleAffectedOnResize: true
12:34:45.992 [FXGL Background Thread 3 ] DEBUG Engine               - isSingleStep: false
12:34:45.992 [FXGL Background Thread 3 ] DEBUG Engine               - isUserProfileEnabled: false
12:34:45.992 [FXGL Background Thread 3 ] DEBUG Engine               - isWindows: true
12:34:45.992 [FXGL Background Thread 3 ] DEBUG Engine               - language: ObjectProperty [value: ENGLISH]
12:34:45.993 [FXGL Background Thread 3 ] DEBUG Engine               - menuKey: ESCAPE
12:34:45.993 [FXGL Background Thread 3 ] DEBUG Engine               - mouseSensitivity: 0.2
12:34:45.993 [FXGL Background Thread 3 ] DEBUG Engine               - notificationViewClass: class com.almasb.fxgl.notification.view.XboxNotificationView
12:34:45.993 [FXGL Background Thread 3 ] DEBUG Engine               - pixelsPerMeter: 50.0
12:34:45.993 [FXGL Background Thread 3 ] DEBUG Engine               - platform: WINDOWS
12:34:45.993 [FXGL Background Thread 3 ] DEBUG Engine               - prefHeightProperty: ReadOnlyDoubleProperty [value: 672.0]
12:34:45.993 [FXGL Background Thread 3 ] DEBUG Engine               - prefWidthProperty: ReadOnlyDoubleProperty [value: 816.0]
12:34:45.993 [FXGL Background Thread 3 ] DEBUG Engine               - profileDir: profiles/
12:34:45.994 [FXGL Background Thread 3 ] DEBUG Engine               - profileName: StringProperty [value: DEFAULT]
12:34:45.994 [FXGL Background Thread 3 ] DEBUG Engine               - randomSeed: -1
12:34:45.994 [FXGL Background Thread 3 ] DEBUG Engine               - runtimeInfo: RuntimeInfo(platform=WINDOWS, version=17.1, build=24.03.2022 17.34)
12:34:45.994 [FXGL Background Thread 3 ] DEBUG Engine               - saveFileExt: sav
12:34:45.995 [FXGL Background Thread 3 ] DEBUG Engine               - scaledHeightProp$fxgl: DoubleProperty [bound, value: 672.0]
12:34:45.995 [FXGL Background Thread 3 ] DEBUG Engine               - scaledWidthProp$fxgl: DoubleProperty [bound, value: 816.0]
12:34:45.995 [FXGL Background Thread 3 ] DEBUG Engine               - sceneFactory: org.haok.BraveSteveApp$1@4050aa00
12:34:45.995 [FXGL Background Thread 3 ] DEBUG Engine               - secondsIn24h: 60
12:34:45.995 [FXGL Background Thread 3 ] DEBUG Engine               - soundMenuBack: menu/back.wav
12:34:45.995 [FXGL Background Thread 3 ] DEBUG Engine               - soundMenuPress: menu/press.wav
12:34:45.995 [FXGL Background Thread 3 ] DEBUG Engine               - soundMenuSelect: menu/select.wav
12:34:45.995 [FXGL Background Thread 3 ] DEBUG Engine               - soundNotification: core/notification.wav
12:34:45.995 [FXGL Background Thread 3 ] DEBUG Engine               - stageStyle: DECORATED
12:34:45.996 [FXGL Background Thread 3 ] DEBUG Engine               - supportedLanguages: [ENGLISH, FRENCH, GERMAN, HUNGARIAN, RUSSIAN]
12:34:45.996 [FXGL Background Thread 3 ] DEBUG Engine               - ticksPerSecond: -1
12:34:45.996 [FXGL Background Thread 3 ] DEBUG Engine               - title: Brave Steve
12:34:45.996 [FXGL Background Thread 3 ] DEBUG Engine               - urlGithub: https://github.com/AlmasB/FXGL
12:34:45.996 [FXGL Background Thread 3 ] DEBUG Engine               - urlLeaderboard: http://fxgl-top.herokuapp.com/
12:34:45.996 [FXGL Background Thread 3 ] DEBUG Engine               - urlPOM: https://raw.githubusercontent.com/AlmasB/FXGL/release/README.md
12:34:45.996 [FXGL Background Thread 3 ] DEBUG Engine               - userAppClass: class org.haok.BraveSteveApp
12:34:45.996 [FXGL Background Thread 3 ] DEBUG Engine               - version: 1.0
12:34:45.996 [FXGL Background Thread 3 ] DEBUG Engine               - versionCheckDays: 7
12:34:45.996 [FXGL Background Thread 3 ] DEBUG Engine               - width: 816
12:34:45.997 [FXGL Background Thread 3 ] DEBUG Engine               - Logging services
12:34:45.997 [FXGL Background Thread 3 ] DEBUG Engine               - class com.almasb.fxgl.app.services.FXGLAssetLoaderService
12:34:45.997 [FXGL Background Thread 3 ] DEBUG Engine               - class com.almasb.fxgl.app.FXGLApplication$GameApplicationService
12:34:45.997 [FXGL Background Thread 3 ] DEBUG Engine               - class com.almasb.fxgl.app.services.FXGLDialogService
12:34:45.997 [FXGL Background Thread 3 ] DEBUG Engine               - class com.almasb.fxgl.app.services.IOTaskExecutorService
12:34:45.997 [FXGL Background Thread 3 ] DEBUG Engine               - class com.almasb.fxgl.io.FileSystemService
12:34:45.997 [FXGL Background Thread 3 ] DEBUG Engine               - class com.almasb.fxgl.localization.LocalizationService
12:34:45.997 [FXGL Background Thread 3 ] DEBUG Engine               - class com.almasb.fxgl.app.services.SystemBundleService
12:34:45.997 [FXGL Background Thread 3 ] DEBUG Engine               - class com.almasb.fxgl.profile.SaveLoadService
12:34:45.997 [FXGL Background Thread 3 ] DEBUG Engine               - class com.almasb.fxgl.ui.FXGLUIFactoryServiceProvider
12:34:45.998 [FXGL Background Thread 3 ] DEBUG Engine               - class com.almasb.fxgl.ui.FXGLDialogFactoryServiceProvider
12:34:45.998 [FXGL Background Thread 3 ] DEBUG Engine               - class com.almasb.fxgl.audio.AudioPlayer
12:34:45.998 [FXGL Background Thread 3 ] DEBUG Engine               - class com.almasb.fxgl.notification.impl.NotificationServiceProvider
12:34:45.998 [FXGL Background Thread 3 ] DEBUG Engine               - class com.almasb.fxgl.achievement.AchievementService
12:34:45.998 [FXGL Background Thread 3 ] DEBUG Engine               - class com.almasb.fxgl.cutscene.CutsceneService
12:34:45.998 [FXGL Background Thread 3 ] DEBUG Engine               - class com.almasb.fxgl.minigames.MiniGameService
12:34:45.998 [FXGL Background Thread 3 ] DEBUG Engine               - class com.almasb.fxgl.net.NetService
12:34:45.998 [FXGL Background Thread 3 ] DEBUG Engine               - class com.almasb.fxgl.app.services.UpdaterService
12:34:45.998 [FXGL Background Thread 3 ] DEBUG Engine               - class com.almasb.fxgl.dev.DevService
12:34:47.478 [JavaFX Application Thread] WARN  Entity               - Entity already has component: com.almasb.fxgl.entity.components.CollidableComponent
12:34:47.478 [JavaFX Application Thread] WARN  Entity               - Entity already has component: com.almasb.fxgl.entity.components.CollidableComponent
12:34:47.479 [JavaFX Application Thread] WARN  Entity               - Entity already has component: com.almasb.fxgl.entity.components.CollidableComponent
12:34:48.711 [JavaFX Application Thread] WARN  Entity               - Entity already has component: com.almasb.fxgl.entity.components.CollidableComponent
12:34:48.713 [JavaFX Application Thread] WARN  Entity               - Entity already has component: com.almasb.fxgl.entity.components.CollidableComponent
12:34:48.715 [JavaFX Application Thread] WARN  Entity               - Entity already has component: com.almasb.fxgl.entity.components.CollidableComponent
12:34:49.062 [JavaFX Application Thread] WARN  Entity               - Entity already has component: com.almasb.fxgl.entity.components.CollidableComponent
12:34:49.062 [JavaFX Application Thread] WARN  Entity               - Entity already has component: com.almasb.fxgl.entity.components.CollidableComponent
12:34:49.063 [JavaFX Application Thread] WARN  Entity               - Entity already has component: com.almasb.fxgl.entity.components.CollidableComponent
12:34:49.433 [JavaFX Application Thread] WARN  Entity               - Entity already has component: com.almasb.fxgl.entity.components.CollidableComponent
12:34:49.434 [JavaFX Application Thread] WARN  Entity               - Entity already has component: com.almasb.fxgl.entity.components.CollidableComponent
12:34:49.434 [JavaFX Application Thread] WARN  Entity               - Entity already has component: com.almasb.fxgl.entity.components.CollidableComponent
12:34:49.495 [JavaFX Application Thread] DEBUG FXGLAssetLoaderServi - Loading from file system: file:/C:/Users/zhangaihua/IdeaProjects/bravehaok/target/classes/assets/sounds/boom.wav
12:34:49.895 [JavaFX Application Thread] WARN  Entity               - Entity already has component: com.almasb.fxgl.entity.components.CollidableComponent
12:34:49.897 [JavaFX Application Thread] WARN  Entity               - Entity already has component: com.almasb.fxgl.entity.components.CollidableComponent
12:34:49.900 [JavaFX Application Thread] WARN  Entity               - Entity already has component: com.almasb.fxgl.entity.components.CollidableComponent
12:34:50.103 [JavaFX Application Thread] WARN  Entity               - Entity already has component: com.almasb.fxgl.entity.components.CollidableComponent
12:34:50.104 [JavaFX Application Thread] WARN  Entity               - Entity already has component: com.almasb.fxgl.entity.components.CollidableComponent
12:34:50.104 [JavaFX Application Thread] WARN  Entity               - Entity already has component: com.almasb.fxgl.entity.components.CollidableComponent
12:34:50.662 [JavaFX Application Thread] WARN  Entity               - Entity already has component: com.almasb.fxgl.entity.components.CollidableComponent
12:34:50.663 [JavaFX Application Thread] WARN  Entity               - Entity already has component: com.almasb.fxgl.entity.components.CollidableComponent
12:34:50.665 [JavaFX Application Thread] WARN  Entity               - Entity already has component: com.almasb.fxgl.entity.components.CollidableComponent
12:34:50.872 [JavaFX Application Thread] WARN  Entity               - Entity already has component: com.almasb.fxgl.entity.components.CollidableComponent
12:34:50.873 [JavaFX Application Thread] WARN  Entity               - Entity already has component: com.almasb.fxgl.entity.components.CollidableComponent
12:34:50.874 [JavaFX Application Thread] WARN  Entity               - Entity already has component: com.almasb.fxgl.entity.components.CollidableComponent
12:34:51.639 [JavaFX Application Thread] WARN  Entity               - Entity already has component: com.almasb.fxgl.entity.components.CollidableComponent
12:34:51.641 [JavaFX Application Thread] WARN  Entity               - Entity already has component: com.almasb.fxgl.entity.components.CollidableComponent
12:34:51.642 [JavaFX Application Thread] WARN  Entity               - Entity already has component: com.almasb.fxgl.entity.components.CollidableComponent
12:34:51.862 [JavaFX Application Thread] WARN  Entity               - Entity already has component: com.almasb.fxgl.entity.components.CollidableComponent
12:34:51.863 [JavaFX Application Thread] WARN  Entity               - Entity already has component: com.almasb.fxgl.entity.components.CollidableComponent
12:34:51.864 [JavaFX Application Thread] WARN  Entity               - Entity already has component: com.almasb.fxgl.entity.components.CollidableComponent
12:34:52.342 [JavaFX Application Thread] WARN  Entity               - Entity already has component: com.almasb.fxgl.entity.components.CollidableComponent
12:34:52.343 [JavaFX Application Thread] WARN  Entity               - Entity already has component: com.almasb.fxgl.entity.components.CollidableComponent
12:34:52.344 [JavaFX Application Thread] WARN  Entity               - Entity already has component: com.almasb.fxgl.entity.components.CollidableComponent
12:34:52.375 [JavaFX Application Thread] WARN  Entity               - Entity already has component: com.almasb.fxgl.entity.components.CollidableComponent
12:34:52.376 [JavaFX Application Thread] WARN  Entity               - Entity already has component: com.almasb.fxgl.entity.components.CollidableComponent
12:34:52.377 [JavaFX Application Thread] WARN  Entity               - Entity already has component: com.almasb.fxgl.entity.components.CollidableComponent
12:34:52.743 [JavaFX Application Thread] WARN  Entity               - Entity already has component: com.almasb.fxgl.entity.components.CollidableComponent
12:34:52.743 [JavaFX Application Thread] WARN  Entity               - Entity already has component: com.almasb.fxgl.entity.components.CollidableComponent
12:34:52.744 [JavaFX Application Thread] WARN  Entity               - Entity already has component: com.almasb.fxgl.entity.components.CollidableComponent
12:34:53.111 [JavaFX Application Thread] WARN  Entity               - Entity already has component: com.almasb.fxgl.entity.components.CollidableComponent
12:34:53.111 [JavaFX Application Thread] WARN  Entity               - Entity already has component: com.almasb.fxgl.entity.components.CollidableComponent
12:34:53.112 [JavaFX Application Thread] WARN  Entity               - Entity already has component: com.almasb.fxgl.entity.components.CollidableComponent
12:34:53.113 [JavaFX Application Thread] WARN  Entity               - Entity already has component: com.almasb.fxgl.entity.components.CollidableComponent
12:34:53.114 [JavaFX Application Thread] WARN  Entity               - Entity already has component: com.almasb.fxgl.entity.components.CollidableComponent
12:34:53.115 [JavaFX Application Thread] WARN  Entity               - Entity already has component: com.almasb.fxgl.entity.components.CollidableComponent
12:34:53.942 [JavaFX Application Thread] WARN  Entity               - Entity already has component: com.almasb.fxgl.entity.components.CollidableComponent
12:34:53.943 [JavaFX Application Thread] WARN  Entity               - Entity already has component: com.almasb.fxgl.entity.components.CollidableComponent
12:34:53.943 [JavaFX Application Thread] WARN  Entity               - Entity already has component: com.almasb.fxgl.entity.components.CollidableComponent
12:34:53.989 [JavaFX Application Thread] WARN  Entity               - Entity already has component: com.almasb.fxgl.entity.components.CollidableComponent
12:34:53.990 [JavaFX Application Thread] WARN  Entity               - Entity already has component: com.almasb.fxgl.entity.components.CollidableComponent
12:34:53.991 [JavaFX Application Thread] WARN  Entity               - Entity already has component: com.almasb.fxgl.entity.components.CollidableComponent
12:34:54.454 [JavaFX Application Thread] DEBUG FXGLAssetLoaderServi - Loading from file system: file:/C:/Users/zhangaihua/IdeaProjects/bravehaok/target/classes/assets/sounds/die.wav
12:34:54.459 [JavaFX Application Thread] DEBUG FXGLAssetLoaderServi - Loading from file system: file:/C:/Users/zhangaihua/IdeaProjects/bravehaok/target/classes/assets/textures/die.png
12:34:55.078 [JavaFX Application Thread] WARN  Entity               - Entity already has component: com.almasb.fxgl.entity.components.CollidableComponent
12:34:55.078 [JavaFX Application Thread] WARN  Entity               - Entity already has component: com.almasb.fxgl.entity.components.CollidableComponent
12:34:55.079 [JavaFX Application Thread] WARN  Entity               - Entity already has component: com.almasb.fxgl.entity.components.CollidableComponent
12:34:55.445 [JavaFX Application Thread] WARN  Entity               - Entity already has component: com.almasb.fxgl.entity.components.CollidableComponent
12:34:55.446 [JavaFX Application Thread] WARN  Entity               - Entity already has component: com.almasb.fxgl.entity.components.CollidableComponent
12:34:55.446 [JavaFX Application Thread] WARN  Entity               - Entity already has component: com.almasb.fxgl.entity.components.CollidableComponent
12:34:55.526 [JavaFX Application Thread] WARN  Entity               - Entity already has component: com.almasb.fxgl.entity.components.CollidableComponent
12:34:55.526 [JavaFX Application Thread] WARN  Entity               - Entity already has component: com.almasb.fxgl.entity.components.CollidableComponent
12:34:55.527 [JavaFX Application Thread] WARN  Entity               - Entity already has component: com.almasb.fxgl.entity.components.CollidableComponent
12:34:55.639 [JavaFX Application Thread] WARN  Entity               - Entity already has component: com.almasb.fxgl.entity.components.CollidableComponent
12:34:55.639 [JavaFX Application Thread] WARN  Entity               - Entity already has component: com.almasb.fxgl.entity.components.CollidableComponent
12:34:55.640 [JavaFX Application Thread] WARN  Entity               - Entity already has component: com.almasb.fxgl.entity.components.CollidableComponent
12:34:55.974 [JavaFX Application Thread] WARN  Entity               - Entity already has component: com.almasb.fxgl.entity.components.CollidableComponent
12:34:55.974 [JavaFX Application Thread] WARN  Entity               - Entity already has component: com.almasb.fxgl.entity.components.CollidableComponent
12:34:55.975 [JavaFX Application Thread] WARN  Entity               - Entity already has component: com.almasb.fxgl.entity.components.CollidableComponent
12:34:55.990 [JavaFX Application Thread] WARN  Entity               - Entity already has component: com.almasb.fxgl.entity.components.CollidableComponent
12:34:55.990 [JavaFX Application Thread] WARN  Entity               - Entity already has component: com.almasb.fxgl.entity.components.CollidableComponent
12:34:55.991 [JavaFX Application Thread] WARN  Entity               - Entity already has component: com.almasb.fxgl.entity.components.CollidableComponent
12:34:56.150 [JavaFX Application Thread] DEBUG FXGLAssetLoaderServi - Loading from file system: file:/C:/Users/zhangaihua/IdeaProjects/bravehaok/target/classes/assets/sounds/hit.wav
12:34:56.231 [JavaFX Application Thread] WARN  Entity               - Entity already has component: com.almasb.fxgl.entity.components.CollidableComponent
12:34:56.231 [JavaFX Application Thread] WARN  Entity               - Entity already has component: com.almasb.fxgl.entity.components.CollidableComponent
12:34:56.232 [JavaFX Application Thread] WARN  Entity               - Entity already has component: com.almasb.fxgl.entity.components.CollidableComponent
12:34:56.679 [JavaFX Application Thread] WARN  Entity               - Entity already has component: com.almasb.fxgl.entity.components.CollidableComponent
12:34:56.680 [JavaFX Application Thread] WARN  Entity               - Entity already has component: com.almasb.fxgl.entity.components.CollidableComponent
12:34:56.680 [JavaFX Application Thread] WARN  Entity               - Entity already has component: com.almasb.fxgl.entity.components.CollidableComponent
12:34:57.335 [JavaFX Application Thread] WARN  Entity               - Entity already has component: com.almasb.fxgl.entity.components.CollidableComponent
12:34:57.335 [JavaFX Application Thread] WARN  Entity               - Entity already has component: com.almasb.fxgl.entity.components.CollidableComponent
12:34:57.336 [JavaFX Application Thread] WARN  Entity               - Entity already has component: com.almasb.fxgl.entity.components.CollidableComponent
12:34:57.898 [JavaFX Application Thread] DEBUG FXGLAssetLoaderServi - Loading from file system: file:/C:/Users/zhangaihua/IdeaProjects/bravehaok/target/classes/assets/textures/items/golden_apple.png
12:34:58.407 [JavaFX Application Thread] WARN  Entity               - Entity already has component: com.almasb.fxgl.entity.components.CollidableComponent
12:34:58.407 [JavaFX Application Thread] WARN  Entity               - Entity already has component: com.almasb.fxgl.entity.components.CollidableComponent
12:34:58.408 [JavaFX Application Thread] WARN  Entity               - Entity already has component: com.almasb.fxgl.entity.components.CollidableComponent
12:34:58.453 [JavaFX Application Thread] WARN  Entity               - Entity already has component: com.almasb.fxgl.entity.components.CollidableComponent
12:34:58.454 [JavaFX Application Thread] WARN  Entity               - Entity already has component: com.almasb.fxgl.entity.components.CollidableComponent
12:34:58.455 [JavaFX Application Thread] WARN  Entity               - Entity already has component: com.almasb.fxgl.entity.components.CollidableComponent
12:34:58.968 [JavaFX Application Thread] DEBUG FXGLAssetLoaderServi - Loading from file system: file:/C:/Users/zhangaihua/IdeaProjects/bravehaok/target/classes/assets/textures/items/apple.png
12:34:59.447 [JavaFX Application Thread] WARN  Entity               - Entity already has component: com.almasb.fxgl.entity.components.CollidableComponent
12:34:59.447 [JavaFX Application Thread] WARN  Entity               - Entity already has component: com.almasb.fxgl.entity.components.CollidableComponent
12:34:59.448 [JavaFX Application Thread] WARN  Entity               - Entity already has component: com.almasb.fxgl.entity.components.CollidableComponent
12:35:00.599 [JavaFX Application Thread] WARN  Entity               - Entity already has component: com.almasb.fxgl.entity.components.CollidableComponent
12:35:00.600 [JavaFX Application Thread] WARN  Entity               - Entity already has component: com.almasb.fxgl.entity.components.CollidableComponent
12:35:00.601 [JavaFX Application Thread] WARN  Entity               - Entity already has component: com.almasb.fxgl.entity.components.CollidableComponent
12:35:01.222 [JavaFX Application Thread] WARN  Entity               - Entity already has component: com.almasb.fxgl.entity.components.CollidableComponent
12:35:01.224 [JavaFX Application Thread] WARN  Entity               - Entity already has component: com.almasb.fxgl.entity.components.CollidableComponent
12:35:01.225 [JavaFX Application Thread] WARN  Entity               - Entity already has component: com.almasb.fxgl.entity.components.CollidableComponent
12:35:01.447 [JavaFX Application Thread] DEBUG FXGLAssetLoaderServi - Loading from file system: file:/C:/Users/zhangaihua/IdeaProjects/bravehaok/target/classes/assets/sounds/eat.wav
12:35:01.672 [JavaFX Application Thread] WARN  Entity               - Entity already has component: com.almasb.fxgl.entity.components.CollidableComponent
12:35:01.672 [JavaFX Application Thread] WARN  Entity               - Entity already has component: com.almasb.fxgl.entity.components.CollidableComponent
12:35:01.673 [JavaFX Application Thread] WARN  Entity               - Entity already has component: com.almasb.fxgl.entity.components.CollidableComponent
12:35:01.989 [JavaFX Application Thread] WARN  Entity               - Entity already has component: com.almasb.fxgl.entity.components.CollidableComponent
12:35:01.990 [JavaFX Application Thread] WARN  Entity               - Entity already has component: com.almasb.fxgl.entity.components.CollidableComponent
12:35:01.990 [JavaFX Application Thread] WARN  Entity               - Entity already has component: com.almasb.fxgl.entity.components.CollidableComponent
12:35:02.374 [JavaFX Application Thread] WARN  Entity               - Entity already has component: com.almasb.fxgl.entity.components.CollidableComponent
12:35:02.375 [JavaFX Application Thread] WARN  Entity               - Entity already has component: com.almasb.fxgl.entity.components.CollidableComponent
12:35:02.375 [JavaFX Application Thread] WARN  Entity               - Entity already has component: com.almasb.fxgl.entity.components.CollidableComponent
12:35:02.838 [JavaFX Application Thread] WARN  Entity               - Entity already has component: com.almasb.fxgl.entity.components.CollidableComponent
12:35:02.838 [JavaFX Application Thread] WARN  Entity               - Entity already has component: com.almasb.fxgl.entity.components.CollidableComponent
12:35:02.839 [JavaFX Application Thread] WARN  Entity               - Entity already has component: com.almasb.fxgl.entity.components.CollidableComponent
12:35:02.872 [JavaFX Application Thread] WARN  Entity               - Entity already has component: com.almasb.fxgl.entity.components.CollidableComponent
12:35:02.873 [JavaFX Application Thread] WARN  Entity               - Entity already has component: com.almasb.fxgl.entity.components.CollidableComponent
12:35:02.873 [JavaFX Application Thread] WARN  Entity               - Entity already has component: com.almasb.fxgl.entity.components.CollidableComponent
12:35:03.174 [JavaFX Application Thread] WARN  Entity               - Entity already has component: com.almasb.fxgl.entity.components.CollidableComponent
12:35:03.175 [JavaFX Application Thread] WARN  Entity               - Entity already has component: com.almasb.fxgl.entity.components.CollidableComponent
12:35:03.176 [JavaFX Application Thread] WARN  Entity               - Entity already has component: com.almasb.fxgl.entity.components.CollidableComponent
12:35:03.206 [JavaFX Application Thread] WARN  Entity               - Entity already has component: com.almasb.fxgl.entity.components.CollidableComponent
12:35:03.207 [JavaFX Application Thread] WARN  Entity               - Entity already has component: com.almasb.fxgl.entity.components.CollidableComponent
12:35:03.208 [JavaFX Application Thread] WARN  Entity               - Entity already has component: com.almasb.fxgl.entity.components.CollidableComponent
12:35:03.702 [JavaFX Application Thread] DEBUG FXGLAssetLoaderServi - Loading from file system: file:/C:/Users/zhangaihua/IdeaProjects/bravehaok/target/classes/assets/sounds/bed.wav
12:35:03.707 [JavaFX Application Thread] DEBUG FXGLAssetLoaderServi - Loading from file system: file:/C:/Users/zhangaihua/IdeaProjects/bravehaok/target/classes/assets/textures/ui/gameOver.png
12:35:03.713 [JavaFX Application Thread] DEBUG PrimaryStageWindow   - Push state: FailedScene
12:35:03.713 [JavaFX Application Thread] DEBUG Input                - Clearing active input actions
12:35:03.713 [JavaFX Application Thread] DEBUG GameApplicationServi - Removing overlay from GameScene and adding to FailedScene
12:35:03.713 [JavaFX Application Thread] DEBUG PrimaryStageWindow   - GameScene -> FailedScene
12:35:06.342 [JavaFX Application Thread] DEBUG PrimaryStageWindow   - Pop state: FailedScene
12:35:06.342 [JavaFX Application Thread] DEBUG Input                - Clearing active input actions
12:35:06.342 [JavaFX Application Thread] DEBUG GameApplicationServi - Removing overlay from FailedScene and adding to GameScene
12:35:06.342 [JavaFX Application Thread] DEBUG PrimaryStageWindow   - GameScene <- FailedScene
12:35:06.342 [JavaFX Application Thread] DEBUG Input                - Clearing active input actions
12:35:06.354 [JavaFX Application Thread] DEBUG GameApplicationServi - Removing overlay from GameScene and adding to FXGLMainMenuDummyScene
12:35:06.354 [JavaFX Application Thread] DEBUG PrimaryStageWindow   - GameScene -> FXGLMainMenuDummyScene
12:35:06.354 [JavaFX Application Thread] DEBUG PrimaryStageWindow   - Push state: AppMainMenu
12:35:06.354 [JavaFX Application Thread] DEBUG Input                - Clearing active input actions
12:35:06.356 [JavaFX Application Thread] DEBUG GameApplicationServi - Removing overlay from FXGLMainMenuDummyScene and adding to AppMainMenu
12:35:06.356 [JavaFX Application Thread] DEBUG PrimaryStageWindow   - FXGLMainMenuDummyScene -> AppMainMenu
12:35:07.493 [JavaFX Application Thread] DEBUG FXGLApplication      - Exiting FXGL
12:35:07.493 [JavaFX Application Thread] DEBUG LoopRunner           - Stopping loop
12:35:07.493 [JavaFX Application Thread] DEBUG SystemBundleService  - Saving FXGL system data
12:35:07.496 [JavaFX Application Thread] DEBUG FileSystemAccess     - Writing to: C:\Users\zhangaihua\IdeaProjects\bravehaok\system\fxgl.bundle
12:35:07.497 [JavaFX Application Thread] DEBUG Async                - Shutting down background threads
12:35:07.497 [JavaFX Application Thread] DEBUG PrimaryStageWindow   - Closing main window
12:35:07.513 [JavaFX Application Thread] DEBUG Logger               - Closing Logger
