12:27:31.155 [main                     ] DEBUG Logger               - Configured Logger
12:27:31.191 [main                     ] DEBUG GameApplication      - Logging settings
Title: Brave Steve
Version: 1.0
Width: 816
Height: 672
Fullscreen: false
Intro: false
Profiling: false
Single step:false
App Mode: DEVELOPER
Menu Key: ESCAPE
Stage Style: DECORATED
Scene Factory: class org.haok.BraveSteveApp$1

12:27:31.562 [JavaFX Application Thread] DEBUG FXGLApplication      - Initializing FXGL
12:27:31.571 [JavaFX Application Thread] INFO  Engine               - FXGL-17.1 (24.03.2022 17.34) on WINDOWS (J:17.0.5 FX:18)
12:27:31.572 [JavaFX Application Thread] DEBUG Engine               - JRE Vendor Name: Oracle Corporation
12:27:31.572 [JavaFX Application Thread] DEBUG Engine               - Running on OS: Windows 10 version 10.0
12:27:31.572 [JavaFX Application Thread] DEBUG Engine               - Architecture: amd64
12:27:31.573 [JavaFX Application Thread] INFO  Engine               - Source code and latest versions at: https://github.com/AlmasB/FXGL
12:27:31.573 [JavaFX Application Thread] INFO  Engine               -       Ask questions and discuss at: https://github.com/AlmasB/FXGL/discussions
12:27:31.573 [JavaFX Application Thread] INFO  Engine               -              Join the FXGL chat at: https://gitter.im/AlmasB/FXGL
12:27:31.745 [JavaFX Application Thread] DEBUG PrimaryStageWindow   - Creating a JavaFX scene
12:27:31.799 [JavaFX Application Thread] DEBUG PrimaryStageWindow   - Target settings size: 816.0 x 672.0
12:27:31.799 [JavaFX Application Thread] DEBUG PrimaryStageWindow   - Scaled scene size:    816.0 x 672.0
12:27:31.800 [JavaFX Application Thread] DEBUG PrimaryStageWindow   - Scaled ratio: (1.0, 1.0)
12:27:31.801 [JavaFX Application Thread] DEBUG PrimaryStageWindow   - Set initial scene to StartScene
12:27:31.812 [JavaFX Application Thread] DEBUG PrimaryStageWindow   - Opening main window
12:27:31.979 [JavaFX Application Thread] DEBUG PrimaryStageWindow   - Window border size: (14.4000244140625, 37.5999755859375)
12:27:31.980 [JavaFX Application Thread] DEBUG PrimaryStageWindow   - Scaled size: 816.0 x 672.0
12:27:31.980 [JavaFX Application Thread] DEBUG PrimaryStageWindow   - Scaled ratio: (1.0, 1.0)
12:27:31.981 [JavaFX Application Thread] DEBUG PrimaryStageWindow   - Scene size: 816.0 x 672.0
12:27:31.981 [JavaFX Application Thread] DEBUG PrimaryStageWindow   - Stage size: 830.4000244140625 x 709.5999755859375
12:27:31.988 [FXGL Background Thread 1 ] DEBUG Engine               - Initializing environment variables
12:27:32.032 [FXGL Background Thread 1 ] DEBUG FXGLAssetLoaderServi - User app class for loading assets: class org.haok.BraveSteveApp
12:27:32.032 [FXGL Background Thread 1 ] DEBUG GameApplicationServi - Applying CSS: fxgl_dark.css
12:27:32.034 [FXGL Background Thread 1 ] DEBUG FXGLAssetLoaderServi - Loading from file system: jar:file:///C:/Users/zhangaihua/.m2/repository/com/github/almasb/fxgl/17.1/fxgl-17.1.jar!/fxglassets/ui/css/fxgl_dark.css
12:27:32.080 [FXGL Background Thread 1 ] DEBUG GameApplicationServi - Applying CSS: app.css
12:27:32.081 [FXGL Background Thread 1 ] DEBUG FXGLAssetLoaderServi - Loading from file system: file:/C:/Users/zhangaihua/IdeaProjects/bravehaok/target/classes/assets/ui/css/app.css
12:27:32.083 [FXGL Background Thread 1 ] DEBUG GameApplicationServi - Initializing application scenes
12:27:32.101 [FXGL Background Thread 1 ] DEBUG GameWorld            - Game world initialized
12:27:32.168 [FXGL Background Thread 1 ] DEBUG PhysicsWorld         - Physics world initialized: appHeight=672, physics.ppm=50.0
12:27:32.168 [FXGL Background Thread 1 ] DEBUG PhysicsWorld         - Using strategy: BRUTE_FORCE
12:27:32.172 [FXGL Background Thread 1 ] DEBUG GameScene            - Game scene initialized: 816x672
12:27:32.175 [FXGL Background Thread 1 ] DEBUG FXGLAssetLoaderServi - Loading from file system: file:/C:/Users/zhangaihua/IdeaProjects/bravehaok/target/classes/assets/textures/ui/mainmenu.png
12:27:32.190 [FXGL Background Thread 1 ] DEBUG FXGLAssetLoaderServi - Loading from file system: file:/C:/Users/zhangaihua/IdeaProjects/bravehaok/target/classes/assets/textures/ui/pause.png
12:27:32.205 [FXGL Background Thread 1 ] DEBUG GameApplicationServi - Application scenes initialized
12:27:32.294 [FXGL Background Thread 1 ] DEBUG SystemBundleService  - Loading FXGL system data
12:27:32.302 [FXGL Background Thread 1 ] DEBUG FileSystemAccess     - Reading from: C:\Users\zhangaihua\IdeaProjects\bravehaok\system\fxgl.bundle
12:27:32.312 [FXGL Background Thread 1 ] DEBUG SystemBundleService  - Bundle FXGL: {}
12:27:32.312 [FXGL Background Thread 1 ] DEBUG UpdaterService       - Checking for updates
12:27:32.322 [FXGL Background Thread 4 ] DEBUG FXGLApplication      - Loading fonts
12:27:32.322 [FXGL Background Thread 1 ] DEBUG FXGLApplication      - Loading default localization
12:27:32.323 [FXGL Background Thread 4 ] DEBUG FXGLAssetLoaderServi - Loading from file system: jar:file:///C:/Users/zhangaihua/.m2/repository/com/github/almasb/fxgl/17.1/fxgl-17.1.jar!/fxglassets/ui/fonts/VarelaRound-Regular.ttf
12:27:32.323 [FXGL Background Thread 1 ] DEBUG FXGLAssetLoaderServi - Loading from file system: jar:file:///C:/Users/zhangaihua/.m2/repository/com/github/almasb/fxgl/17.1/fxgl-17.1.jar!/fxglassets/languages/english.lang
12:27:32.348 [FXGL Background Thread 1 ] INFO  FXGLApplication      - FXGL initialization took: 0.360 sec
12:27:32.362 [JavaFX Application Thread] DEBUG Input                - Registered new binding: action0 - W
12:27:32.363 [JavaFX Application Thread] DEBUG Input                - Registered new binding: action1 - S
12:27:32.364 [JavaFX Application Thread] DEBUG Input                - Registered new binding: action2 - A
12:27:32.364 [JavaFX Application Thread] DEBUG Input                - Registered new binding: action3 - D
12:27:32.365 [JavaFX Application Thread] DEBUG Input                - Registered new binding: action4 - Space
12:27:32.366 [JavaFX Application Thread] DEBUG Input                - Registered new binding: action5 - B
12:27:32.366 [JavaFX Application Thread] DEBUG FXGLAssetLoaderServi - Loading from file system: file:/C:/Users/zhangaihua/IdeaProjects/bravehaok/target/classes/assets/textures/icon.png
12:27:32.373 [JavaFX Application Thread] DEBUG FXGLAssetLoaderServi - Loading from file system: file:/C:/Users/zhangaihua/IdeaProjects/bravehaok/target/classes/assets/textures/ui/cursor.png
12:27:32.377 [JavaFX Application Thread] DEBUG Input                - Registered new binding: Screenshot - CTRL+8
12:27:32.377 [JavaFX Application Thread] DEBUG Input                - Registered new binding: System info dump - CTRL+9
12:27:32.378 [JavaFX Application Thread] DEBUG Input                - Registered new binding: Restart - CTRL+R
12:27:32.378 [JavaFX Application Thread] DEBUG Input                - Registered new binding: Toggle Debug Camera - CTRL+7
12:27:32.381 [JavaFX Application Thread] DEBUG LoopRunner           - Starting loop
12:27:32.382 [JavaFX Application Thread] DEBUG LoopRunner           - Initializing JavaFX AnimationTimerLoop
12:27:32.385 [JavaFX Application Thread] DEBUG Input                - Clearing active input actions
12:27:32.401 [JavaFX Application Thread] DEBUG GameApplicationServi - Removing overlay from StartScene and adding to FXGLMainMenuDummyScene
12:27:32.402 [JavaFX Application Thread] DEBUG PrimaryStageWindow   - StartScene -> FXGLMainMenuDummyScene
12:27:32.402 [JavaFX Application Thread] DEBUG PrimaryStageWindow   - Push state: AppMainMenu
12:27:32.402 [JavaFX Application Thread] DEBUG Input                - Clearing active input actions
12:27:32.409 [JavaFX Application Thread] DEBUG GameApplicationServi - Removing overlay from FXGLMainMenuDummyScene and adding to AppMainMenu
12:27:32.409 [JavaFX Application Thread] DEBUG PrimaryStageWindow   - FXGLMainMenuDummyScene -> AppMainMenu
12:27:32.441 [FXGL Background Thread 4 ] DEBUG FXGLAssetLoaderServi - Loading from file system: jar:file:///C:/Users/zhangaihua/.m2/repository/com/github/almasb/fxgl/17.1/fxgl-17.1.jar!/fxglassets/ui/fonts/Abel-Regular.ttf
12:27:32.445 [FXGL Background Thread 4 ] DEBUG FXGLAssetLoaderServi - Loading from file system: jar:file:///C:/Users/zhangaihua/.m2/repository/com/github/almasb/fxgl/17.1/fxgl-17.1.jar!/fxglassets/ui/fonts/TerminalLandMono-Regular.otf
12:27:32.450 [FXGL Background Thread 4 ] DEBUG FXGLAssetLoaderServi - Loading from file system: jar:file:///C:/Users/zhangaihua/.m2/repository/com/github/almasb/fxgl/17.1/fxgl-17.1.jar!/fxglassets/ui/fonts/Courier-Prime.ttf
12:27:32.508 [JavaFX Application Thread] DEBUG FXGLApplication      - Registering font factories with UI factory
12:27:32.586 [FXGL Background Thread 2 ] WARN  UpdaterService       - Failed to find updates: java.net.UnknownHostException: raw.githubusercontent.com
12:27:33.297 [JavaFX Application Thread] DEBUG FXGLApplication      - Exiting FXGL
12:27:33.297 [JavaFX Application Thread] DEBUG LoopRunner           - Stopping loop
12:27:33.298 [JavaFX Application Thread] DEBUG SystemBundleService  - Saving FXGL system data
12:27:33.301 [JavaFX Application Thread] DEBUG FileSystemAccess     - Writing to: C:\Users\zhangaihua\IdeaProjects\bravehaok\system\fxgl.bundle
12:27:33.303 [JavaFX Application Thread] DEBUG Async                - Shutting down background threads
12:27:33.304 [JavaFX Application Thread] DEBUG PrimaryStageWindow   - Closing main window
12:27:33.321 [JavaFX Application Thread] DEBUG Logger               - Closing Logger
