13:14:25.838 [main                     ] DEBUG Logger               - Configured Logger
13:14:25.875 [main                     ] DEBUG GameApplication      - Logging settings
Title: Brave Steve
Version: 1.0
Width: 816
Height: 672
Fullscreen: false
Intro: false
Profiling: false
Single step:false
App Mode: DEVELOPER
Menu Key: ESCAPE
Stage Style: DECORATED
Scene Factory: class org.haok.BraveSteveApp$1

13:14:26.255 [JavaFX Application Thread] DEBUG FXGLApplication      - Initializing FXGL
13:14:26.262 [JavaFX Application Thread] INFO  Engine               - FXGL-17.1 (24.03.2022 17.34) on WINDOWS (J:17.0.5 FX:18)
13:14:26.263 [JavaFX Application Thread] DEBUG Engine               - JRE Vendor Name: Oracle Corporation
13:14:26.263 [JavaFX Application Thread] DEBUG Engine               - Running on OS: Windows 10 version 10.0
13:14:26.263 [JavaFX Application Thread] DEBUG Engine               - Architecture: amd64
13:14:26.264 [JavaFX Application Thread] INFO  Engine               - Source code and latest versions at: https://github.com/AlmasB/FXGL
13:14:26.264 [JavaFX Application Thread] INFO  Engine               -       Ask questions and discuss at: https://github.com/AlmasB/FXGL/discussions
13:14:26.264 [JavaFX Application Thread] INFO  Engine               -              Join the FXGL chat at: https://gitter.im/AlmasB/FXGL
13:14:26.450 [JavaFX Application Thread] DEBUG PrimaryStageWindow   - Creating a JavaFX scene
13:14:26.510 [JavaFX Application Thread] DEBUG PrimaryStageWindow   - Target settings size: 816.0 x 672.0
13:14:26.511 [JavaFX Application Thread] DEBUG PrimaryStageWindow   - Scaled scene size:    816.0 x 672.0
13:14:26.511 [JavaFX Application Thread] DEBUG PrimaryStageWindow   - Scaled ratio: (1.0, 1.0)
13:14:26.513 [JavaFX Application Thread] DEBUG PrimaryStageWindow   - Set initial scene to StartScene
13:14:26.523 [JavaFX Application Thread] DEBUG PrimaryStageWindow   - Opening main window
13:14:26.692 [JavaFX Application Thread] DEBUG PrimaryStageWindow   - Window border size: (14.4000244140625, 37.5999755859375)
13:14:26.692 [JavaFX Application Thread] DEBUG PrimaryStageWindow   - Scaled size: 816.0 x 672.0
13:14:26.693 [JavaFX Application Thread] DEBUG PrimaryStageWindow   - Scaled ratio: (1.0, 1.0)
13:14:26.693 [JavaFX Application Thread] DEBUG PrimaryStageWindow   - Scene size: 816.0 x 672.0
13:14:26.693 [JavaFX Application Thread] DEBUG PrimaryStageWindow   - Stage size: 830.4000244140625 x 709.5999755859375
13:14:26.701 [FXGL Background Thread 1 ] DEBUG Engine               - Initializing environment variables
13:14:26.742 [FXGL Background Thread 1 ] DEBUG FXGLAssetLoaderServi - User app class for loading assets: class org.haok.BraveSteveApp
13:14:26.742 [FXGL Background Thread 1 ] DEBUG GameApplicationServi - Applying CSS: fxgl_dark.css
13:14:26.743 [FXGL Background Thread 1 ] DEBUG FXGLAssetLoaderServi - Loading from file system: jar:file:///C:/Users/zhangaihua/.m2/repository/com/github/almasb/fxgl/17.1/fxgl-17.1.jar!/fxglassets/ui/css/fxgl_dark.css
13:14:26.793 [FXGL Background Thread 1 ] DEBUG GameApplicationServi - Applying CSS: app.css
13:14:26.794 [FXGL Background Thread 1 ] DEBUG FXGLAssetLoaderServi - Loading from file system: file:/C:/Users/zhangaihua/IdeaProjects/bravehaok/target/classes/assets/ui/css/app.css
13:14:26.795 [FXGL Background Thread 1 ] DEBUG GameApplicationServi - Initializing application scenes
13:14:26.821 [FXGL Background Thread 1 ] DEBUG GameWorld            - Game world initialized
13:14:26.901 [FXGL Background Thread 1 ] DEBUG PhysicsWorld         - Physics world initialized: appHeight=672, physics.ppm=50.0
13:14:26.902 [FXGL Background Thread 1 ] DEBUG PhysicsWorld         - Using strategy: BRUTE_FORCE
13:14:26.907 [FXGL Background Thread 1 ] DEBUG GameScene            - Game scene initialized: 816x672
13:14:26.911 [FXGL Background Thread 1 ] DEBUG FXGLAssetLoaderServi - Loading from file system: file:/C:/Users/zhangaihua/IdeaProjects/bravehaok/target/classes/assets/textures/ui/mainmenu.png
13:14:26.931 [FXGL Background Thread 1 ] DEBUG FXGLAssetLoaderServi - Loading from file system: file:/C:/Users/zhangaihua/IdeaProjects/bravehaok/target/classes/assets/textures/ui/pause.png
13:14:26.947 [FXGL Background Thread 1 ] DEBUG GameApplicationServi - Application scenes initialized
13:14:27.035 [FXGL Background Thread 1 ] DEBUG SystemBundleService  - Loading FXGL system data
13:14:27.042 [FXGL Background Thread 1 ] DEBUG FileSystemAccess     - Reading from: C:\Users\zhangaihua\IdeaProjects\bravehaok\system\fxgl.bundle
13:14:27.050 [FXGL Background Thread 1 ] DEBUG SystemBundleService  - Bundle FXGL: {}
13:14:27.051 [FXGL Background Thread 1 ] DEBUG UpdaterService       - Checking for updates
13:14:27.062 [FXGL Background Thread 4 ] DEBUG FXGLApplication      - Loading fonts
13:14:27.062 [FXGL Background Thread 1 ] DEBUG FXGLApplication      - Loading default localization
13:14:27.062 [FXGL Background Thread 4 ] DEBUG FXGLAssetLoaderServi - Loading from file system: jar:file:///C:/Users/zhangaihua/.m2/repository/com/github/almasb/fxgl/17.1/fxgl-17.1.jar!/fxglassets/ui/fonts/VarelaRound-Regular.ttf
13:14:27.063 [FXGL Background Thread 1 ] DEBUG FXGLAssetLoaderServi - Loading from file system: jar:file:///C:/Users/zhangaihua/.m2/repository/com/github/almasb/fxgl/17.1/fxgl-17.1.jar!/fxglassets/languages/english.lang
13:14:27.090 [FXGL Background Thread 1 ] INFO  FXGLApplication      - FXGL initialization took: 0.389 sec
13:14:27.106 [JavaFX Application Thread] DEBUG Input                - Registered new binding: action0 - W
13:14:27.107 [JavaFX Application Thread] DEBUG Input                - Registered new binding: action1 - S
13:14:27.108 [JavaFX Application Thread] DEBUG Input                - Registered new binding: action2 - A
13:14:27.108 [JavaFX Application Thread] DEBUG Input                - Registered new binding: action3 - D
13:14:27.108 [JavaFX Application Thread] DEBUG Input                - Registered new binding: action4 - Space
13:14:27.109 [JavaFX Application Thread] DEBUG Input                - Registered new binding: action5 - F
13:14:27.109 [JavaFX Application Thread] DEBUG FXGLAssetLoaderServi - Loading from file system: file:/C:/Users/zhangaihua/IdeaProjects/bravehaok/target/classes/assets/textures/icon.png
13:14:27.116 [JavaFX Application Thread] DEBUG FXGLAssetLoaderServi - Loading from file system: file:/C:/Users/zhangaihua/IdeaProjects/bravehaok/target/classes/assets/textures/ui/cursor.png
13:14:27.120 [JavaFX Application Thread] DEBUG Input                - Registered new binding: Screenshot - CTRL+8
13:14:27.121 [JavaFX Application Thread] DEBUG Input                - Registered new binding: System info dump - CTRL+9
13:14:27.121 [JavaFX Application Thread] DEBUG Input                - Registered new binding: Restart - CTRL+R
13:14:27.122 [JavaFX Application Thread] DEBUG Input                - Registered new binding: Toggle Debug Camera - CTRL+7
13:14:27.125 [JavaFX Application Thread] DEBUG LoopRunner           - Starting loop
13:14:27.125 [JavaFX Application Thread] DEBUG LoopRunner           - Initializing JavaFX AnimationTimerLoop
13:14:27.128 [JavaFX Application Thread] DEBUG Input                - Clearing active input actions
13:14:27.140 [JavaFX Application Thread] DEBUG GameApplicationServi - Removing overlay from StartScene and adding to FXGLMainMenuDummyScene
13:14:27.140 [JavaFX Application Thread] DEBUG PrimaryStageWindow   - StartScene -> FXGLMainMenuDummyScene
13:14:27.140 [JavaFX Application Thread] DEBUG PrimaryStageWindow   - Push state: AppMainMenu
13:14:27.141 [JavaFX Application Thread] DEBUG Input                - Clearing active input actions
13:14:27.146 [JavaFX Application Thread] DEBUG GameApplicationServi - Removing overlay from FXGLMainMenuDummyScene and adding to AppMainMenu
13:14:27.147 [JavaFX Application Thread] DEBUG PrimaryStageWindow   - FXGLMainMenuDummyScene -> AppMainMenu
13:14:27.186 [FXGL Background Thread 4 ] DEBUG FXGLAssetLoaderServi - Loading from file system: jar:file:///C:/Users/zhangaihua/.m2/repository/com/github/almasb/fxgl/17.1/fxgl-17.1.jar!/fxglassets/ui/fonts/Abel-Regular.ttf
13:14:27.190 [FXGL Background Thread 4 ] DEBUG FXGLAssetLoaderServi - Loading from file system: jar:file:///C:/Users/zhangaihua/.m2/repository/com/github/almasb/fxgl/17.1/fxgl-17.1.jar!/fxglassets/ui/fonts/TerminalLandMono-Regular.otf
13:14:27.195 [FXGL Background Thread 4 ] DEBUG FXGLAssetLoaderServi - Loading from file system: jar:file:///C:/Users/zhangaihua/.m2/repository/com/github/almasb/fxgl/17.1/fxgl-17.1.jar!/fxglassets/ui/fonts/Courier-Prime.ttf
13:14:27.254 [JavaFX Application Thread] DEBUG FXGLApplication      - Registering font factories with UI factory
13:14:27.314 [FXGL Background Thread 2 ] WARN  UpdaterService       - Failed to find updates: java.net.UnknownHostException: raw.githubusercontent.com
13:14:27.702 [JavaFX Application Thread] DEBUG FXGLApplication      - Exiting FXGL
13:14:27.702 [JavaFX Application Thread] DEBUG LoopRunner           - Stopping loop
13:14:27.702 [JavaFX Application Thread] DEBUG SystemBundleService  - Saving FXGL system data
13:14:27.705 [JavaFX Application Thread] DEBUG FileSystemAccess     - Writing to: C:\Users\zhangaihua\IdeaProjects\bravehaok\system\fxgl.bundle
13:14:27.707 [JavaFX Application Thread] DEBUG Async                - Shutting down background threads
13:14:27.707 [JavaFX Application Thread] DEBUG PrimaryStageWindow   - Closing main window
13:14:27.721 [JavaFX Application Thread] DEBUG Logger               - Closing Logger
