12:29:01.820 [main                     ] DEBUG Logger               - Configured Logger
12:29:01.854 [main                     ] DEBUG GameApplication      - Logging settings
Title: Brave Steve
Version: 1.0
Width: 816
Height: 672
Fullscreen: false
Intro: false
Profiling: false
Single step:false
App Mode: DEVELOPER
Menu Key: ESCAPE
Stage Style: DECORATED
Scene Factory: class org.haok.BraveSteveApp$1

12:29:02.225 [JavaFX Application Thread] DEBUG FXGLApplication      - Initializing FXGL
12:29:02.234 [JavaFX Application Thread] INFO  Engine               - FXGL-17.1 (24.03.2022 17.34) on WINDOWS (J:17.0.5 FX:18)
12:29:02.235 [JavaFX Application Thread] DEBUG Engine               - JRE Vendor Name: Oracle Corporation
12:29:02.235 [JavaFX Application Thread] DEBUG Engine               - Running on OS: Windows 10 version 10.0
12:29:02.235 [JavaFX Application Thread] DEBUG Engine               - Architecture: amd64
12:29:02.236 [JavaFX Application Thread] INFO  Engine               - Source code and latest versions at: https://github.com/AlmasB/FXGL
12:29:02.236 [JavaFX Application Thread] INFO  Engine               -       Ask questions and discuss at: https://github.com/AlmasB/FXGL/discussions
12:29:02.236 [JavaFX Application Thread] INFO  Engine               -              Join the FXGL chat at: https://gitter.im/AlmasB/FXGL
12:29:02.402 [JavaFX Application Thread] DEBUG PrimaryStageWindow   - Creating a JavaFX scene
12:29:02.457 [JavaFX Application Thread] DEBUG PrimaryStageWindow   - Target settings size: 816.0 x 672.0
12:29:02.457 [JavaFX Application Thread] DEBUG PrimaryStageWindow   - Scaled scene size:    816.0 x 672.0
12:29:02.458 [JavaFX Application Thread] DEBUG PrimaryStageWindow   - Scaled ratio: (1.0, 1.0)
12:29:02.459 [JavaFX Application Thread] DEBUG PrimaryStageWindow   - Set initial scene to StartScene
12:29:02.471 [JavaFX Application Thread] DEBUG PrimaryStageWindow   - Opening main window
12:29:02.637 [JavaFX Application Thread] DEBUG PrimaryStageWindow   - Window border size: (14.4000244140625, 37.5999755859375)
12:29:02.637 [JavaFX Application Thread] DEBUG PrimaryStageWindow   - Scaled size: 816.0 x 672.0
12:29:02.638 [JavaFX Application Thread] DEBUG PrimaryStageWindow   - Scaled ratio: (1.0, 1.0)
12:29:02.638 [JavaFX Application Thread] DEBUG PrimaryStageWindow   - Scene size: 816.0 x 672.0
12:29:02.638 [JavaFX Application Thread] DEBUG PrimaryStageWindow   - Stage size: 830.4000244140625 x 709.5999755859375
12:29:02.646 [FXGL Background Thread 1 ] DEBUG Engine               - Initializing environment variables
12:29:02.688 [FXGL Background Thread 1 ] DEBUG FXGLAssetLoaderServi - User app class for loading assets: class org.haok.BraveSteveApp
12:29:02.689 [FXGL Background Thread 1 ] DEBUG GameApplicationServi - Applying CSS: fxgl_dark.css
12:29:02.689 [FXGL Background Thread 1 ] DEBUG FXGLAssetLoaderServi - Loading from file system: jar:file:///C:/Users/zhangaihua/.m2/repository/com/github/almasb/fxgl/17.1/fxgl-17.1.jar!/fxglassets/ui/css/fxgl_dark.css
12:29:02.745 [FXGL Background Thread 1 ] DEBUG GameApplicationServi - Applying CSS: app.css
12:29:02.745 [FXGL Background Thread 1 ] DEBUG FXGLAssetLoaderServi - Loading from file system: file:/C:/Users/zhangaihua/IdeaProjects/bravehaok/target/classes/assets/ui/css/app.css
12:29:02.746 [FXGL Background Thread 1 ] DEBUG GameApplicationServi - Initializing application scenes
12:29:02.768 [FXGL Background Thread 1 ] DEBUG GameWorld            - Game world initialized
12:29:02.825 [FXGL Background Thread 1 ] DEBUG PhysicsWorld         - Physics world initialized: appHeight=672, physics.ppm=50.0
12:29:02.825 [FXGL Background Thread 1 ] DEBUG PhysicsWorld         - Using strategy: BRUTE_FORCE
12:29:02.830 [FXGL Background Thread 1 ] DEBUG GameScene            - Game scene initialized: 816x672
12:29:02.834 [FXGL Background Thread 1 ] DEBUG FXGLAssetLoaderServi - Loading from file system: file:/C:/Users/zhangaihua/IdeaProjects/bravehaok/target/classes/assets/textures/ui/mainmenu.png
12:29:02.850 [FXGL Background Thread 1 ] DEBUG FXGLAssetLoaderServi - Loading from file system: file:/C:/Users/zhangaihua/IdeaProjects/bravehaok/target/classes/assets/textures/ui/pause.png
12:29:02.866 [FXGL Background Thread 1 ] DEBUG GameApplicationServi - Application scenes initialized
12:29:02.946 [FXGL Background Thread 1 ] DEBUG SystemBundleService  - Loading FXGL system data
12:29:02.952 [FXGL Background Thread 1 ] DEBUG FileSystemAccess     - Reading from: C:\Users\zhangaihua\IdeaProjects\bravehaok\system\fxgl.bundle
12:29:02.959 [FXGL Background Thread 1 ] DEBUG SystemBundleService  - Bundle FXGL: {}
12:29:02.959 [FXGL Background Thread 1 ] DEBUG UpdaterService       - Checking for updates
12:29:02.968 [FXGL Background Thread 4 ] DEBUG FXGLApplication      - Loading fonts
12:29:02.968 [FXGL Background Thread 4 ] DEBUG FXGLAssetLoaderServi - Loading from file system: jar:file:///C:/Users/zhangaihua/.m2/repository/com/github/almasb/fxgl/17.1/fxgl-17.1.jar!/fxglassets/ui/fonts/VarelaRound-Regular.ttf
12:29:02.969 [FXGL Background Thread 1 ] DEBUG FXGLApplication      - Loading default localization
12:29:02.970 [FXGL Background Thread 1 ] DEBUG FXGLAssetLoaderServi - Loading from file system: jar:file:///C:/Users/zhangaihua/.m2/repository/com/github/almasb/fxgl/17.1/fxgl-17.1.jar!/fxglassets/languages/english.lang
12:29:03.011 [FXGL Background Thread 1 ] INFO  FXGLApplication      - FXGL initialization took: 0.364 sec
12:29:03.026 [JavaFX Application Thread] DEBUG Input                - Registered new binding: action0 - W
12:29:03.027 [JavaFX Application Thread] DEBUG Input                - Registered new binding: action1 - S
12:29:03.027 [JavaFX Application Thread] DEBUG Input                - Registered new binding: action2 - A
12:29:03.028 [JavaFX Application Thread] DEBUG Input                - Registered new binding: action3 - D
12:29:03.028 [JavaFX Application Thread] DEBUG Input                - Registered new binding: action4 - Space
12:29:03.029 [JavaFX Application Thread] DEBUG Input                - Registered new binding: action5 - B
12:29:03.029 [JavaFX Application Thread] DEBUG FXGLAssetLoaderServi - Loading from file system: file:/C:/Users/zhangaihua/IdeaProjects/bravehaok/target/classes/assets/textures/icon.png
12:29:03.036 [JavaFX Application Thread] DEBUG FXGLAssetLoaderServi - Loading from file system: file:/C:/Users/zhangaihua/IdeaProjects/bravehaok/target/classes/assets/textures/ui/cursor.png
12:29:03.040 [JavaFX Application Thread] DEBUG Input                - Registered new binding: Screenshot - CTRL+8
12:29:03.041 [JavaFX Application Thread] DEBUG Input                - Registered new binding: System info dump - CTRL+9
12:29:03.041 [JavaFX Application Thread] DEBUG Input                - Registered new binding: Restart - CTRL+R
12:29:03.042 [JavaFX Application Thread] DEBUG Input                - Registered new binding: Toggle Debug Camera - CTRL+7
12:29:03.044 [JavaFX Application Thread] DEBUG LoopRunner           - Starting loop
12:29:03.045 [JavaFX Application Thread] DEBUG LoopRunner           - Initializing JavaFX AnimationTimerLoop
12:29:03.048 [JavaFX Application Thread] DEBUG Input                - Clearing active input actions
12:29:03.060 [FXGL Background Thread 4 ] DEBUG FXGLAssetLoaderServi - Loading from file system: jar:file:///C:/Users/zhangaihua/.m2/repository/com/github/almasb/fxgl/17.1/fxgl-17.1.jar!/fxglassets/ui/fonts/Abel-Regular.ttf
12:29:03.063 [JavaFX Application Thread] DEBUG GameApplicationServi - Removing overlay from StartScene and adding to FXGLMainMenuDummyScene
12:29:03.063 [JavaFX Application Thread] DEBUG PrimaryStageWindow   - StartScene -> FXGLMainMenuDummyScene
12:29:03.063 [JavaFX Application Thread] DEBUG PrimaryStageWindow   - Push state: AppMainMenu
12:29:03.064 [JavaFX Application Thread] DEBUG Input                - Clearing active input actions
12:29:03.066 [FXGL Background Thread 4 ] DEBUG FXGLAssetLoaderServi - Loading from file system: jar:file:///C:/Users/zhangaihua/.m2/repository/com/github/almasb/fxgl/17.1/fxgl-17.1.jar!/fxglassets/ui/fonts/TerminalLandMono-Regular.otf
12:29:03.069 [JavaFX Application Thread] DEBUG GameApplicationServi - Removing overlay from FXGLMainMenuDummyScene and adding to AppMainMenu
12:29:03.070 [JavaFX Application Thread] DEBUG PrimaryStageWindow   - FXGLMainMenuDummyScene -> AppMainMenu
12:29:03.070 [FXGL Background Thread 4 ] DEBUG FXGLAssetLoaderServi - Loading from file system: jar:file:///C:/Users/zhangaihua/.m2/repository/com/github/almasb/fxgl/17.1/fxgl-17.1.jar!/fxglassets/ui/fonts/Courier-Prime.ttf
12:29:03.151 [JavaFX Application Thread] DEBUG FXGLApplication      - Registering font factories with UI factory
12:29:03.265 [FXGL Background Thread 2 ] WARN  UpdaterService       - Failed to find updates: java.net.UnknownHostException: raw.githubusercontent.com
12:29:03.972 [JavaFX Application Thread] DEBUG GameApplicationServi - Starting new game
12:29:03.972 [JavaFX Application Thread] DEBUG PrimaryStageWindow   - Pop state: AppMainMenu
12:29:03.972 [JavaFX Application Thread] DEBUG Input                - Clearing active input actions
12:29:03.973 [JavaFX Application Thread] DEBUG GameApplicationServi - Removing overlay from AppMainMenu and adding to FXGLMainMenuDummyScene
12:29:03.973 [JavaFX Application Thread] DEBUG PrimaryStageWindow   - FXGLMainMenuDummyScene <- AppMainMenu
12:29:03.973 [JavaFX Application Thread] DEBUG Input                - Clearing active input actions
12:29:03.981 [JavaFX Application Thread] DEBUG GameApplicationServi - Removing overlay from FXGLMainMenuDummyScene and adding to AppLoadingScean
12:29:03.982 [JavaFX Application Thread] DEBUG PrimaryStageWindow   - FXGLMainMenuDummyScene -> AppLoadingScean
12:29:03.982 [JavaFX Application Thread] DEBUG GameApplicationServi - Clearing previous game
12:29:03.982 [JavaFX Application Thread] DEBUG GameScene            - Clearing game scene
12:29:03.982 [JavaFX Application Thread] DEBUG GameWorld            - Clearing game world
12:29:03.982 [JavaFX Application Thread] DEBUG PhysicsWorld         - Clearing physics world
12:29:03.985 [FXGL Background Thread 2 ] DEBUG FXGLApplication      - Initializing game
12:29:04.024 [FXGL Background Thread 2 ] WARN  TMXLevelLoader       - TiledMap generated from 1.9.2. Supported version: 1.4.2. Some features may not be parsed fully.
12:29:04.042 [FXGL Background Thread 2 ] DEBUG TMXLevelLoader       - Parsed TiledMap: file:/C:/Users/zhangaihua/IdeaProjects/bravehaok/target/classes/assets/levels/level1.tmx
12:29:04.043 [FXGL Background Thread 2 ] DEBUG TMXLevelLoader       - Creating tile layer entities
12:29:04.045 [FXGL Background Thread 2 ] DEBUG TilesetLoader        - Loading view for layer 图块层 1
12:29:04.047 [FXGL Background Thread 2 ] DEBUG TilesetLoader        - Created buffer with size 672.0x672.0
12:29:04.048 [FXGL Background Thread 2 ] DEBUG TMXLevelLoader       - Creating object layer entities
12:29:04.070 [FXGL Background Thread 2 ] DEBUG FXGLAssetLoaderServi - Loading from file system: file:/C:/Users/zhangaihua/IdeaProjects/bravehaok/target/classes/assets/textures/map/glass.png
12:29:04.101 [FXGL Background Thread 2 ] DEBUG FXGLAssetLoaderServi - Loading from file system: file:/C:/Users/zhangaihua/IdeaProjects/bravehaok/target/classes/assets/textures/map/bed.png
12:29:04.117 [FXGL Background Thread 2 ] DEBUG FXGLAssetLoaderServi - Loading from file system: file:/C:/Users/zhangaihua/IdeaProjects/bravehaok/target/classes/assets/textures/map/stone.png
12:29:04.124 [FXGL Background Thread 2 ] DEBUG FXGLAssetLoaderServi - Loading from file system: file:/C:/Users/zhangaihua/IdeaProjects/bravehaok/target/classes/assets/textures/map/grass.png
12:29:04.146 [FXGL Background Thread 2 ] DEBUG FXGLAssetLoaderServi - Loading from file system: file:/C:/Users/zhangaihua/IdeaProjects/bravehaok/target/classes/assets/textures/map/snow.png
12:29:04.153 [FXGL Background Thread 2 ] DEBUG GameWorld            - Clearing removable entities
12:29:04.154 [FXGL Background Thread 2 ] DEBUG GameWorld            - Setting level: com.almasb.fxgl.entity.level.Level@72a65bc
12:29:04.165 [FXGL Background Thread 2 ] DEBUG FXGLAssetLoaderServi - Loading from file system: file:/C:/Users/zhangaihua/IdeaProjects/bravehaok/target/classes/assets/textures/steve.png
12:29:04.171 [FXGL Background Thread 2 ] WARN  Entity               - Entity already has component: org.haok.component.PlayerLevelComponent
12:29:04.174 [FXGL Background Thread 2 ] DEBUG FXGLAssetLoaderServi - Loading from file system: file:/C:/Users/zhangaihua/IdeaProjects/bravehaok/target/classes/assets/textures/level.png
12:29:04.176 [FXGL Background Thread 2 ] DEBUG FXGLAssetLoaderServi - Loading from file system: file:/C:/Users/zhangaihua/IdeaProjects/bravehaok/target/classes/assets/textures/ui/arrow.png
12:29:04.178 [FXGL Background Thread 2 ] DEBUG FXGLAssetLoaderServi - Loading from file system: file:/C:/Users/zhangaihua/IdeaProjects/bravehaok/target/classes/assets/textures/zombie.png
12:29:04.189 [FXGL Background Thread 2 ] INFO  FXGLApplication      - Game initialization took: 0.203 sec
12:29:04.189 [JavaFX Application Thread] DEBUG Input                - Clearing active input actions
12:29:04.202 [JavaFX Application Thread] DEBUG GameApplicationServi - Removing overlay from AppLoadingScean and adding to GameScene
12:29:04.203 [JavaFX Application Thread] DEBUG PrimaryStageWindow   - AppLoadingScean -> GameScene
12:29:05.966 [FXGL Background Thread 3 ] DEBUG Engine               - Logging environment variables
12:29:05.966 [JavaFX Application Thread] DEBUG PrimaryStageWindow   - Push state: AppGameMenu
12:29:05.966 [FXGL Background Thread 3 ] DEBUG Engine               - achievements: []
12:29:05.966 [FXGL Background Thread 3 ] DEBUG Engine               - actualHeight: 672.0
12:29:05.966 [JavaFX Application Thread] DEBUG Input                - Clearing active input actions
12:29:05.966 [FXGL Background Thread 3 ] DEBUG Engine               - actualHeightProperty: ReadOnlyDoubleProperty [value: 672.0]
12:29:05.967 [FXGL Background Thread 3 ] DEBUG Engine               - actualWidth: 816.0
12:29:05.967 [FXGL Background Thread 3 ] DEBUG Engine               - actualWidthProperty: ReadOnlyDoubleProperty [value: 816.0]
12:29:05.967 [FXGL Background Thread 3 ] DEBUG Engine               - appIcon: icon.png
12:29:05.967 [FXGL Background Thread 3 ] DEBUG Engine               - applicationMode: DEVELOPER
12:29:05.967 [FXGL Background Thread 3 ] DEBUG Engine               - cSSList: [fxgl_dark.css, app.css]
12:29:05.967 [FXGL Background Thread 3 ] DEBUG Engine               - collisionDetectionStrategy: BRUTE_FORCE
12:29:05.967 [FXGL Background Thread 3 ] DEBUG Engine               - configClass: Optional.empty
12:29:05.967 [FXGL Background Thread 3 ] DEBUG Engine               - credits: []
12:29:05.967 [JavaFX Application Thread] DEBUG GameApplicationServi - Removing overlay from GameScene and adding to AppGameMenu
12:29:05.967 [JavaFX Application Thread] DEBUG PrimaryStageWindow   - GameScene -> AppGameMenu
12:29:05.969 [FXGL Background Thread 3 ] DEBUG Engine               - defaultCursor: CursorInfo(imageName=ui/cursor.png, hotspotX=0.0, hotspotY=0.0)
12:29:05.969 [FXGL Background Thread 3 ] DEBUG Engine               - devBBoxColorProperty: ObjectProperty [value: 0xff0000ff]
12:29:05.969 [FXGL Background Thread 3 ] DEBUG Engine               - devEnableDebugCameraProperty: BooleanProperty [value: false]
12:29:05.969 [FXGL Background Thread 3 ] DEBUG Engine               - devSensorColorProperty: ObjectProperty [value: 0xffff00ff]
12:29:05.969 [FXGL Background Thread 3 ] DEBUG Engine               - devShowBBoxProperty: BooleanProperty [value: false]
12:29:05.969 [FXGL Background Thread 3 ] DEBUG Engine               - devShowPositionProperty: BooleanProperty [value: false]
12:29:05.971 [FXGL Background Thread 3 ] DEBUG Engine               - enabledMenuItems: []
12:29:05.971 [FXGL Background Thread 3 ] DEBUG Engine               - engineServices: [class com.almasb.fxgl.app.services.FXGLAssetLoaderService, class com.almasb.fxgl.app.FXGLApplication$GameApplicationService, class com.almasb.fxgl.app.services.FXGLDialogService, class com.almasb.fxgl.app.services.IOTaskExecutorService, class com.almasb.fxgl.io.FileSystemService, class com.almasb.fxgl.localization.LocalizationService, class com.almasb.fxgl.app.services.SystemBundleService, class com.almasb.fxgl.profile.SaveLoadService, class com.almasb.fxgl.ui.FXGLUIFactoryServiceProvider, class com.almasb.fxgl.ui.FXGLDialogFactoryServiceProvider, class com.almasb.fxgl.audio.AudioPlayer, class com.almasb.fxgl.notification.impl.NotificationServiceProvider, class com.almasb.fxgl.achievement.AchievementService, class com.almasb.fxgl.cutscene.CutsceneService, class com.almasb.fxgl.minigames.MiniGameService, class com.almasb.fxgl.net.NetService, class com.almasb.fxgl.app.services.UpdaterService, class com.almasb.fxgl.dev.DevService]
12:29:05.971 [FXGL Background Thread 3 ] DEBUG Engine               - fontGame: Abel-Regular.ttf
12:29:05.971 [FXGL Background Thread 3 ] DEBUG Engine               - fontMono: TerminalLandMono-Regular.otf
12:29:05.971 [FXGL Background Thread 3 ] DEBUG Engine               - fontText: Courier-Prime.ttf
12:29:05.971 [FXGL Background Thread 3 ] DEBUG Engine               - fontUI: VarelaRound-Regular.ttf
12:29:05.971 [FXGL Background Thread 3 ] DEBUG Engine               - fullScreen: BooleanProperty [value: false]
12:29:05.971 [FXGL Background Thread 3 ] DEBUG Engine               - gameDifficulty: MEDIUM
12:29:05.971 [FXGL Background Thread 3 ] DEBUG Engine               - gameDifficultyProperty: ObjectProperty [value: MEDIUM]
12:29:05.971 [FXGL Background Thread 3 ] DEBUG Engine               - globalMusicVolume: 0.5
12:29:05.972 [FXGL Background Thread 3 ] DEBUG Engine               - globalMusicVolumeProperty: DoubleProperty [value: 0.5]
12:29:05.972 [FXGL Background Thread 3 ] DEBUG Engine               - globalSoundVolume: 0.5
12:29:05.972 [FXGL Background Thread 3 ] DEBUG Engine               - globalSoundVolumeProperty: DoubleProperty [value: 0.5]
12:29:05.972 [FXGL Background Thread 3 ] DEBUG Engine               - height: 672
12:29:05.972 [FXGL Background Thread 3 ] DEBUG Engine               - is3D: false
12:29:05.972 [FXGL Background Thread 3 ] DEBUG Engine               - isAndroid: false
12:29:05.972 [FXGL Background Thread 3 ] DEBUG Engine               - isBrowser: false
12:29:05.972 [FXGL Background Thread 3 ] DEBUG Engine               - isClickFeedbackEnabled: false
12:29:05.972 [FXGL Background Thread 3 ] DEBUG Engine               - isCloseConfirmation: false
12:29:05.972 [FXGL Background Thread 3 ] DEBUG Engine               - isDesktop: true
12:29:05.972 [FXGL Background Thread 3 ] DEBUG Engine               - isDeveloperMenuEnabled: false
12:29:05.973 [FXGL Background Thread 3 ] DEBUG Engine               - isEmbedded: false
12:29:05.973 [FXGL Background Thread 3 ] DEBUG Engine               - isEntityPreloadEnabled: true
12:29:05.973 [FXGL Background Thread 3 ] DEBUG Engine               - isExperimentalTiledLargeMap: false
12:29:05.973 [FXGL Background Thread 3 ] DEBUG Engine               - isFileSystemWriteAllowed: true
12:29:05.973 [FXGL Background Thread 3 ] DEBUG Engine               - isFullScreenAllowed: false
12:29:05.973 [FXGL Background Thread 3 ] DEBUG Engine               - isFullScreenFromStart: false
12:29:05.973 [FXGL Background Thread 3 ] DEBUG Engine               - isGameMenuEnabled: true
12:29:05.973 [FXGL Background Thread 3 ] DEBUG Engine               - isIOS: false
12:29:05.973 [FXGL Background Thread 3 ] DEBUG Engine               - isIntroEnabled: false
12:29:05.974 [FXGL Background Thread 3 ] DEBUG Engine               - isLinux: false
12:29:05.974 [FXGL Background Thread 3 ] DEBUG Engine               - isMac: false
12:29:05.974 [FXGL Background Thread 3 ] DEBUG Engine               - isMainMenuEnabled: true
12:29:05.974 [FXGL Background Thread 3 ] DEBUG Engine               - isManualResizeEnabled: false
12:29:05.974 [FXGL Background Thread 3 ] DEBUG Engine               - isMobile: false
12:29:05.974 [FXGL Background Thread 3 ] DEBUG Engine               - isNative: false
12:29:05.974 [FXGL Background Thread 3 ] DEBUG Engine               - isPauseMusicWhenMinimized: true
12:29:05.974 [FXGL Background Thread 3 ] DEBUG Engine               - isPreserveResizeRatio: false
12:29:05.974 [FXGL Background Thread 3 ] DEBUG Engine               - isProfilingEnabled: false
12:29:05.974 [FXGL Background Thread 3 ] DEBUG Engine               - isScaleAffectedOnResize: true
12:29:05.974 [FXGL Background Thread 3 ] DEBUG Engine               - isSingleStep: false
12:29:05.975 [FXGL Background Thread 3 ] DEBUG Engine               - isUserProfileEnabled: false
12:29:05.975 [FXGL Background Thread 3 ] DEBUG Engine               - isWindows: true
12:29:05.975 [FXGL Background Thread 3 ] DEBUG Engine               - language: ObjectProperty [value: ENGLISH]
12:29:05.975 [FXGL Background Thread 3 ] DEBUG Engine               - menuKey: ESCAPE
12:29:05.975 [FXGL Background Thread 3 ] DEBUG Engine               - mouseSensitivity: 0.2
12:29:05.975 [FXGL Background Thread 3 ] DEBUG Engine               - notificationViewClass: class com.almasb.fxgl.notification.view.XboxNotificationView
12:29:05.975 [FXGL Background Thread 3 ] DEBUG Engine               - pixelsPerMeter: 50.0
12:29:05.975 [FXGL Background Thread 3 ] DEBUG Engine               - platform: WINDOWS
12:29:05.975 [FXGL Background Thread 3 ] DEBUG Engine               - prefHeightProperty: ReadOnlyDoubleProperty [value: 672.0]
12:29:05.975 [FXGL Background Thread 3 ] DEBUG Engine               - prefWidthProperty: ReadOnlyDoubleProperty [value: 816.0]
12:29:05.975 [FXGL Background Thread 3 ] DEBUG Engine               - profileDir: profiles/
12:29:05.976 [FXGL Background Thread 3 ] DEBUG Engine               - profileName: StringProperty [value: DEFAULT]
12:29:05.976 [FXGL Background Thread 3 ] DEBUG Engine               - randomSeed: -1
12:29:05.976 [FXGL Background Thread 3 ] DEBUG Engine               - runtimeInfo: RuntimeInfo(platform=WINDOWS, version=17.1, build=24.03.2022 17.34)
12:29:05.976 [FXGL Background Thread 3 ] DEBUG Engine               - saveFileExt: sav
12:29:05.976 [FXGL Background Thread 3 ] DEBUG Engine               - scaledHeightProp$fxgl: DoubleProperty [bound, value: 672.0]
12:29:05.976 [FXGL Background Thread 3 ] DEBUG Engine               - scaledWidthProp$fxgl: DoubleProperty [bound, value: 816.0]
12:29:05.976 [FXGL Background Thread 3 ] DEBUG Engine               - sceneFactory: org.haok.BraveSteveApp$1@45883679
12:29:05.976 [FXGL Background Thread 3 ] DEBUG Engine               - secondsIn24h: 60
12:29:05.976 [FXGL Background Thread 3 ] DEBUG Engine               - soundMenuBack: menu/back.wav
12:29:05.976 [FXGL Background Thread 3 ] DEBUG Engine               - soundMenuPress: menu/press.wav
12:29:05.976 [FXGL Background Thread 3 ] DEBUG Engine               - soundMenuSelect: menu/select.wav
12:29:05.977 [FXGL Background Thread 3 ] DEBUG Engine               - soundNotification: core/notification.wav
12:29:05.977 [FXGL Background Thread 3 ] DEBUG Engine               - stageStyle: DECORATED
12:29:05.977 [FXGL Background Thread 3 ] DEBUG Engine               - supportedLanguages: [ENGLISH, FRENCH, GERMAN, HUNGARIAN, RUSSIAN]
12:29:05.978 [FXGL Background Thread 3 ] DEBUG Engine               - ticksPerSecond: -1
12:29:05.978 [FXGL Background Thread 3 ] DEBUG Engine               - title: Brave Steve
12:29:05.978 [FXGL Background Thread 3 ] DEBUG Engine               - urlGithub: https://github.com/AlmasB/FXGL
12:29:05.978 [FXGL Background Thread 3 ] DEBUG Engine               - urlLeaderboard: http://fxgl-top.herokuapp.com/
12:29:05.978 [FXGL Background Thread 3 ] DEBUG Engine               - urlPOM: https://raw.githubusercontent.com/AlmasB/FXGL/release/README.md
12:29:05.978 [FXGL Background Thread 3 ] DEBUG Engine               - userAppClass: class org.haok.BraveSteveApp
12:29:05.978 [FXGL Background Thread 3 ] DEBUG Engine               - version: 1.0
12:29:05.978 [FXGL Background Thread 3 ] DEBUG Engine               - versionCheckDays: 7
12:29:05.978 [FXGL Background Thread 3 ] DEBUG Engine               - width: 816
12:29:05.979 [FXGL Background Thread 3 ] DEBUG Engine               - Logging services
12:29:05.979 [FXGL Background Thread 3 ] DEBUG Engine               - class com.almasb.fxgl.app.services.FXGLAssetLoaderService
12:29:05.979 [FXGL Background Thread 3 ] DEBUG Engine               - class com.almasb.fxgl.app.FXGLApplication$GameApplicationService
12:29:05.979 [FXGL Background Thread 3 ] DEBUG Engine               - class com.almasb.fxgl.app.services.FXGLDialogService
12:29:05.979 [FXGL Background Thread 3 ] DEBUG Engine               - class com.almasb.fxgl.app.services.IOTaskExecutorService
12:29:05.979 [FXGL Background Thread 3 ] DEBUG Engine               - class com.almasb.fxgl.io.FileSystemService
12:29:05.979 [FXGL Background Thread 3 ] DEBUG Engine               - class com.almasb.fxgl.localization.LocalizationService
12:29:05.979 [FXGL Background Thread 3 ] DEBUG Engine               - class com.almasb.fxgl.app.services.SystemBundleService
12:29:05.979 [FXGL Background Thread 3 ] DEBUG Engine               - class com.almasb.fxgl.profile.SaveLoadService
12:29:05.979 [FXGL Background Thread 3 ] DEBUG Engine               - class com.almasb.fxgl.ui.FXGLUIFactoryServiceProvider
12:29:05.979 [FXGL Background Thread 3 ] DEBUG Engine               - class com.almasb.fxgl.ui.FXGLDialogFactoryServiceProvider
12:29:05.979 [FXGL Background Thread 3 ] DEBUG Engine               - class com.almasb.fxgl.audio.AudioPlayer
12:29:05.979 [FXGL Background Thread 3 ] DEBUG Engine               - class com.almasb.fxgl.notification.impl.NotificationServiceProvider
12:29:05.979 [FXGL Background Thread 3 ] DEBUG Engine               - class com.almasb.fxgl.achievement.AchievementService
12:29:05.979 [FXGL Background Thread 3 ] DEBUG Engine               - class com.almasb.fxgl.cutscene.CutsceneService
12:29:05.980 [FXGL Background Thread 3 ] DEBUG Engine               - class com.almasb.fxgl.minigames.MiniGameService
12:29:05.980 [FXGL Background Thread 3 ] DEBUG Engine               - class com.almasb.fxgl.net.NetService
12:29:05.980 [FXGL Background Thread 3 ] DEBUG Engine               - class com.almasb.fxgl.app.services.UpdaterService
12:29:05.980 [FXGL Background Thread 3 ] DEBUG Engine               - class com.almasb.fxgl.dev.DevService
12:29:06.661 [JavaFX Application Thread] DEBUG PrimaryStageWindow   - Pop state: AppGameMenu
12:29:06.661 [JavaFX Application Thread] DEBUG Input                - Clearing active input actions
12:29:06.662 [JavaFX Application Thread] DEBUG GameApplicationServi - Removing overlay from AppGameMenu and adding to GameScene
12:29:06.662 [JavaFX Application Thread] DEBUG PrimaryStageWindow   - GameScene <- AppGameMenu
12:29:06.662 [JavaFX Application Thread] DEBUG Input                - Clearing active input actions
12:29:06.672 [JavaFX Application Thread] DEBUG GameApplicationServi - Removing overlay from GameScene and adding to FXGLMainMenuDummyScene
12:29:06.672 [JavaFX Application Thread] DEBUG PrimaryStageWindow   - GameScene -> FXGLMainMenuDummyScene
12:29:06.673 [JavaFX Application Thread] DEBUG PrimaryStageWindow   - Push state: AppMainMenu
12:29:06.673 [JavaFX Application Thread] DEBUG Input                - Clearing active input actions
12:29:06.674 [JavaFX Application Thread] DEBUG GameApplicationServi - Removing overlay from FXGLMainMenuDummyScene and adding to AppMainMenu
12:29:06.674 [JavaFX Application Thread] DEBUG PrimaryStageWindow   - FXGLMainMenuDummyScene -> AppMainMenu
12:29:07.293 [JavaFX Application Thread] DEBUG FXGLApplication      - Exiting FXGL
12:29:07.293 [JavaFX Application Thread] DEBUG LoopRunner           - Stopping loop
12:29:07.293 [JavaFX Application Thread] DEBUG SystemBundleService  - Saving FXGL system data
12:29:07.295 [JavaFX Application Thread] DEBUG FileSystemAccess     - Writing to: C:\Users\zhangaihua\IdeaProjects\bravehaok\system\fxgl.bundle
12:29:07.297 [JavaFX Application Thread] DEBUG Async                - Shutting down background threads
12:29:07.297 [JavaFX Application Thread] DEBUG PrimaryStageWindow   - Closing main window
12:29:07.311 [JavaFX Application Thread] DEBUG Logger               - Closing Logger
